Info: Nothing to build for likedList
Info: Nothing to build for likedList
19:50:55 **** Incremental Build of configuration Debug for project likedList ****
Info: Internal Builder is used for build
gcc -O0 -g3 -Wall -c -fmessage-length=0 -o "src\\main.o" "..\\src\\main.c" 
gcc -o likedList "src\\LinkedList.o" "src\\main.o" "testing\\src\\Employee.o" "testing\\src\\addNodeTest.o" "testing\\src\\addTest.o" "testing\\src\\clearTest.o" "testing\\src\\cloneTest.o" "testing\\src\\containsAllTest.o" "testing\\src\\containsTest.o" "testing\\src\\deleteLinkedListTest.o" "testing\\src\\getNodeTest.o" "testing\\src\\getTest.o" "testing\\src\\indexOfTest.o" "testing\\src\\isEmptyTest.o" "testing\\src\\lenTest.o" "testing\\src\\main_test.o" "testing\\src\\newTest.o" "testing\\src\\popTest.o" "testing\\src\\pushTest.o" "testing\\src\\removeTest.o" "testing\\src\\setTest.o" "testing\\src\\sortTest.o" "testing\\src\\subListTest.o" "testing\\utest.o" 
Info: Nothing to build for likedList
19:51:07 **** Incremental Build of configuration Debug for project likedList ****
Info: Internal Builder is used for build
gcc -O0 -g3 -Wall -c -fmessage-length=0 -o "src\\main.o" "..\\src\\main.c" 
gcc -o likedList "src\\LinkedList.o" "src\\main.o" "testing\\src\\Employee.o" "testing\\src\\addNodeTest.o" "testing\\src\\addTest.o" "testing\\src\\clearTest.o" "testing\\src\\cloneTest.o" "testing\\src\\containsAllTest.o" "testing\\src\\containsTest.o" "testing\\src\\deleteLinkedListTest.o" "testing\\src\\getNodeTest.o" "testing\\src\\getTest.o" "testing\\src\\indexOfTest.o" "testing\\src\\isEmptyTest.o" "testing\\src\\lenTest.o" "testing\\src\\main_test.o" "testing\\src\\newTest.o" "testing\\src\\popTest.o" "testing\\src\\pushTest.o" "testing\\src\\removeTest.o" "testing\\src\\setTest.o" "testing\\src\\sortTest.o" "testing\\src\\subListTest.o" "testing\\utest.o" 
Info: Nothing to build for likedList
19:56:28 **** Incremental Build of configuration Debug for project likedList ****
Info: Internal Builder is used for build
gcc -O0 -g3 -Wall -c -fmessage-length=0 -o "src\\LinkedList.o" "..\\src\\LinkedList.c" 
gcc -o likedList "src\\LinkedList.o" "src\\main.o" "testing\\src\\Employee.o" "testing\\src\\addNodeTest.o" "testing\\src\\addTest.o" "testing\\src\\clearTest.o" "testing\\src\\cloneTest.o" "testing\\src\\containsAllTest.o" "testing\\src\\containsTest.o" "testing\\src\\deleteLinkedListTest.o" "testing\\src\\getNodeTest.o" "testing\\src\\getTest.o" "testing\\src\\indexOfTest.o" "testing\\src\\isEmptyTest.o" "testing\\src\\lenTest.o" "testing\\src\\main_test.o" "testing\\src\\newTest.o" "testing\\src\\popTest.o" "testing\\src\\pushTest.o" "testing\\src\\removeTest.o" "testing\\src\\setTest.o" "testing\\src\\sortTest.o" "testing\\src\\subListTest.o" "testing\\utest.o" 
19:56:42 **** Incremental Build of configuration Debug for project likedList ****
Info: Internal Builder is used for build
gcc -O0 -g3 -Wall -c -fmessage-length=0 -o "src\\main.o" "..\\src\\main.c" 
gcc -o likedList "src\\LinkedList.o" "src\\main.o" "testing\\src\\Employee.o" "testing\\src\\addNodeTest.o" "testing\\src\\addTest.o" "testing\\src\\clearTest.o" "testing\\src\\cloneTest.o" "testing\\src\\containsAllTest.o" "testing\\src\\containsTest.o" "testing\\src\\deleteLinkedListTest.o" "testing\\src\\getNodeTest.o" "testing\\src\\getTest.o" "testing\\src\\indexOfTest.o" "testing\\src\\isEmptyTest.o" "testing\\src\\lenTest.o" "testing\\src\\main_test.o" "testing\\src\\newTest.o" "testing\\src\\popTest.o" "testing\\src\\pushTest.o" "testing\\src\\removeTest.o" "testing\\src\\setTest.o" "testing\\src\\sortTest.o" "testing\\src\\subListTest.o" "testing\\utest.o" 
Info: Nothing to build for likedList
Info: Nothing to build for likedList
Info: Nothing to build for likedList
20:01:09 **** Incremental Build of configuration Debug for project likedList ****
Info: Internal Builder is used for build
gcc -O0 -g3 -Wall -c -fmessage-length=0 -o "src\\main.o" "..\\src\\main.c" 
gcc -O0 -g3 -Wall -c -fmessage-length=0 -o "src\\LinkedList.o" "..\\src\\LinkedList.c" 
gcc -o likedList "src\\LinkedList.o" "src\\main.o" "testing\\src\\Employee.o" "testing\\src\\addNodeTest.o" "testing\\src\\addTest.o" "testing\\src\\clearTest.o" "testing\\src\\cloneTest.o" "testing\\src\\containsAllTest.o" "testing\\src\\containsTest.o" "testing\\src\\deleteLinkedListTest.o" "testing\\src\\getNodeTest.o" "testing\\src\\getTest.o" "testing\\src\\indexOfTest.o" "testing\\src\\isEmptyTest.o" "testing\\src\\lenTest.o" "testing\\src\\main_test.o" "testing\\src\\newTest.o" "testing\\src\\popTest.o" "testing\\src\\pushTest.o" "testing\\src\\removeTest.o" "testing\\src\\setTest.o" "testing\\src\\sortTest.o" "testing\\src\\subListTest.o" "testing\\utest.o" 
Info: Nothing to build for likedList
20:01:25 **** Incremental Build of configuration Debug for project likedList ****
Info: Internal Builder is used for build
gcc -O0 -g3 -Wall -c -fmessage-length=0 -o "src\\main.o" "..\\src\\main.c" 
gcc -o likedList "src\\LinkedList.o" "src\\main.o" "testing\\src\\Employee.o" "testing\\src\\addNodeTest.o" "testing\\src\\addTest.o" "testing\\src\\clearTest.o" "testing\\src\\cloneTest.o" "testing\\src\\containsAllTest.o" "testing\\src\\containsTest.o" "testing\\src\\deleteLinkedListTest.o" "testing\\src\\getNodeTest.o" "testing\\src\\getTest.o" "testing\\src\\indexOfTest.o" "testing\\src\\isEmptyTest.o" "testing\\src\\lenTest.o" "testing\\src\\main_test.o" "testing\\src\\newTest.o" "testing\\src\\popTest.o" "testing\\src\\pushTest.o" "testing\\src\\removeTest.o" "testing\\src\\setTest.o" "testing\\src\\sortTest.o" "testing\\src\\subListTest.o" "testing\\utest.o" 
Info: Nothing to build for likedList
17:14:01 **** Rebuild of configuration Debug for project likedList ****
Info: Internal Builder is used for build
gcc -O0 -g3 -Wall -c -fmessage-length=0 -o "testing\\src\\deleteLinkedListTest.o" "..\\testing\\src\\deleteLinkedListTest.c" 
gcc -O0 -g3 -Wall -c -fmessage-length=0 -o "src\\main.o" "..\\src\\main.c" 
gcc -O0 -g3 -Wall -c -fmessage-length=0 -o "testing\\src\\clearTest.o" "..\\testing\\src\\clearTest.c" 
gcc -O0 -g3 -Wall -c -fmessage-length=0 -o "testing\\src\\lenTest.o" "..\\testing\\src\\lenTest.c" 
gcc -O0 -g3 -Wall -c -fmessage-length=0 -o "testing\\src\\containsAllTest.o" "..\\testing\\src\\containsAllTest.c" 
gcc -O0 -g3 -Wall -c -fmessage-length=0 -o "testing\\src\\indexOfTest.o" "..\\testing\\src\\indexOfTest.c" 
gcc -O0 -g3 -Wall -c -fmessage-length=0 -o "testing\\src\\main_test.o" "..\\testing\\src\\main_test.c" 
gcc -O0 -g3 -Wall -c -fmessage-length=0 -o "testing\\src\\pushTest.o" "..\\testing\\src\\pushTest.c" 
In file included from ..\testing\src\pushTest.c:19:
..\testing\src\pushTest.c: In function 'pushTestCase03':
..\testing\src\../../testing/utest.h:61:127: warning: '
   ' directive writing 2 bytes into a region of size between 1 and 256 [-Wformat-overflow=]
   61 | #define utest_assertEqualsPointerMsg(A,B,C){ if(A!=B){ utest_print2("assert equals failed '%p' != '%p'\r\n",A,B);utest_print1("%s\r\n",C); utest_flagTestError=1; utest_lineTestError = __LINE__;  utest_fileTestError = __FILENAME__;return; } }
      |                                                                                                                               ^~~~~~~~
..\testing\src\../../testing/utest.h:27:62: note: in definition of macro 'utest_print1'
   27 | #define utest_print1(MSG,VAR1)   { sprintf(utest_printBuffer,MSG,VAR1); strcat(utest_printErrorBuffer,utest_printBuffer);}
      |                                                              ^~~
..\testing\src\pushTest.c:91:9: note: in expansion of macro 'utest_assertEqualsPointerMsg'
   91 |         utest_assertEqualsPointerMsg(pElement,pAux[i],msg);
      |         ^~~~~~~~~~~~~~~~~~~~~~~~~~~~
In file included from ..\testing\src\pushTest.c:19:
..\testing\src\../../testing/utest.h:61:130: note: format string is defined here
   61 | #define utest_assertEqualsPointerMsg(A,B,C){ if(A!=B){ utest_print2("assert equals failed '%p' != '%p'\r\n",A,B);utest_print1("%s\r\n",C); utest_flagTestError=1; utest_lineTestError = __LINE__;  utest_fileTestError = __FILENAME__;return; } }
      |                                                                                                                                  ^~~~
In file included from ..\testing\src\pushTest.c:19:
..\testing\src\../../testing/utest.h:27:36: note: 'sprintf' output between 3 and 258 bytes into a destination of size 256
   27 | #define utest_print1(MSG,VAR1)   { sprintf(utest_printBuffer,MSG,VAR1); strcat(utest_printErrorBuffer,utest_printBuffer);}
      |                                    ^~~~~~~~~~~~~~~~~~~~~~~~~~~~~~~~~~~
..\testing\src\../../testing/utest.h:61:114: note: in expansion of macro 'utest_print1'
   61 | #define utest_assertEqualsPointerMsg(A,B,C){ if(A!=B){ utest_print2("assert equals failed '%p' != '%p'\r\n",A,B);utest_print1("%s\r\n",C); utest_flagTestError=1; utest_lineTestError = __LINE__;  utest_fileTestError = __FILENAME__;return; } }
      |                                                                                                                  ^~~~~~~~~~~~
..\testing\src\pushTest.c:91:9: note: in expansion of macro 'utest_assertEqualsPointerMsg'
   91 |         utest_assertEqualsPointerMsg(pElement,pAux[i],msg);
      |         ^~~~~~~~~~~~~~~~~~~~~~~~~~~~
gcc -O0 -g3 -Wall -c -fmessage-length=0 -o "testing\\src\\isEmptyTest.o" "..\\testing\\src\\isEmptyTest.c" 
gcc -O0 -g3 -Wall -c -fmessage-length=0 -o "testing\\src\\setTest.o" "..\\testing\\src\\setTest.c" 
gcc -O0 -g3 -Wall -c -fmessage-length=0 -o "testing\\src\\getNodeTest.o" "..\\testing\\src\\getNodeTest.c" 
gcc -O0 -g3 -Wall -c -fmessage-length=0 -o "testing\\src\\Employee.o" "..\\testing\\src\\Employee.c" 
gcc -O0 -g3 -Wall -c -fmessage-length=0 -o "testing\\src\\cloneTest.o" "..\\testing\\src\\cloneTest.c" 
gcc -O0 -g3 -Wall -c -fmessage-length=0 -o "testing\\src\\addNodeTest.o" "..\\testing\\src\\addNodeTest.c" 
In file included from ..\testing\src\addNodeTest.c:19:
..\testing\src\addNodeTest.c: In function 'addNodeTestCase03':
..\testing\src\../../testing/utest.h:61:127: warning: '
   ' directive writing 2 bytes into a region of size between 1 and 256 [-Wformat-overflow=]
   61 | #define utest_assertEqualsPointerMsg(A,B,C){ if(A!=B){ utest_print2("assert equals failed '%p' != '%p'\r\n",A,B);utest_print1("%s\r\n",C); utest_flagTestError=1; utest_lineTestError = __LINE__;  utest_fileTestError = __FILENAME__;return; } }
      |                                                                                                                               ^~~~~~~~
..\testing\src\../../testing/utest.h:27:62: note: in definition of macro 'utest_print1'
   27 | #define utest_print1(MSG,VAR1)   { sprintf(utest_printBuffer,MSG,VAR1); strcat(utest_printErrorBuffer,utest_printBuffer);}
      |                                                              ^~~
..\testing\src\addNodeTest.c:91:9: note: in expansion of macro 'utest_assertEqualsPointerMsg'
   91 |         utest_assertEqualsPointerMsg(nodoAux->pElement,pAux[i],msg);
      |         ^~~~~~~~~~~~~~~~~~~~~~~~~~~~
In file included from ..\testing\src\addNodeTest.c:19:
..\testing\src\../../testing/utest.h:61:130: note: format string is defined here
   61 | #define utest_assertEqualsPointerMsg(A,B,C){ if(A!=B){ utest_print2("assert equals failed '%p' != '%p'\r\n",A,B);utest_print1("%s\r\n",C); utest_flagTestError=1; utest_lineTestError = __LINE__;  utest_fileTestError = __FILENAME__;return; } }
      |                                                                                                                                  ^~~~
In file included from ..\testing\src\addNodeTest.c:19:
..\testing\src\../../testing/utest.h:27:36: note: 'sprintf' output between 3 and 258 bytes into a destination of size 256
   27 | #define utest_print1(MSG,VAR1)   { sprintf(utest_printBuffer,MSG,VAR1); strcat(utest_printErrorBuffer,utest_printBuffer);}
      |                                    ^~~~~~~~~~~~~~~~~~~~~~~~~~~~~~~~~~~
..\testing\src\../../testing/utest.h:61:114: note: in expansion of macro 'utest_print1'
   61 | #define utest_assertEqualsPointerMsg(A,B,C){ if(A!=B){ utest_print2("assert equals failed '%p' != '%p'\r\n",A,B);utest_print1("%s\r\n",C); utest_flagTestError=1; utest_lineTestError = __LINE__;  utest_fileTestError = __FILENAME__;return; } }
      |                                                                                                                  ^~~~~~~~~~~~
..\testing\src\addNodeTest.c:91:9: note: in expansion of macro 'utest_assertEqualsPointerMsg'
   91 |         utest_assertEqualsPointerMsg(nodoAux->pElement,pAux[i],msg);
      |         ^~~~~~~~~~~~~~~~~~~~~~~~~~~~
..\testing\src\addNodeTest.c: In function 'addNodeTestCase05':
..\testing\src\../../testing/utest.h:61:127: warning: '
   ' directive writing 2 bytes into a region of size between 1 and 256 [-Wformat-overflow=]
   61 | #define utest_assertEqualsPointerMsg(A,B,C){ if(A!=B){ utest_print2("assert equals failed '%p' != '%p'\r\n",A,B);utest_print1("%s\r\n",C); utest_flagTestError=1; utest_lineTestError = __LINE__;  utest_fileTestError = __FILENAME__;return; } }
      |                                                                                                                               ^~~~~~~~
..\testing\src\../../testing/utest.h:27:62: note: in definition of macro 'utest_print1'
   27 | #define utest_print1(MSG,VAR1)   { sprintf(utest_printBuffer,MSG,VAR1); strcat(utest_printErrorBuffer,utest_printBuffer);}
      |                                                              ^~~
..\testing\src\addNodeTest.c:132:9: note: in expansion of macro 'utest_assertEqualsPointerMsg'
  132 |         utest_assertEqualsPointerMsg(nodoAux->pElement,pAux[i],msg);
      |         ^~~~~~~~~~~~~~~~~~~~~~~~~~~~
In file included from ..\testing\src\addNodeTest.c:19:
..\testing\src\../../testing/utest.h:61:130: note: format string is defined here
   61 | #define utest_assertEqualsPointerMsg(A,B,C){ if(A!=B){ utest_print2("assert equals failed '%p' != '%p'\r\n",A,B);utest_print1("%s\r\n",C); utest_flagTestError=1; utest_lineTestError = __LINE__;  utest_fileTestError = __FILENAME__;return; } }
      |                                                                                                                                  ^~~~
In file included from ..\testing\src\addNodeTest.c:19:
..\testing\src\../../testing/utest.h:27:36: note: 'sprintf' output between 3 and 258 bytes into a destination of size 256
   27 | #define utest_print1(MSG,VAR1)   { sprintf(utest_printBuffer,MSG,VAR1); strcat(utest_printErrorBuffer,utest_printBuffer);}
      |                                    ^~~~~~~~~~~~~~~~~~~~~~~~~~~~~~~~~~~
..\testing\src\../../testing/utest.h:61:114: note: in expansion of macro 'utest_print1'
   61 | #define utest_assertEqualsPointerMsg(A,B,C){ if(A!=B){ utest_print2("assert equals failed '%p' != '%p'\r\n",A,B);utest_print1("%s\r\n",C); utest_flagTestError=1; utest_lineTestError = __LINE__;  utest_fileTestError = __FILENAME__;return; } }
      |                                                                                                                  ^~~~~~~~~~~~
..\testing\src\addNodeTest.c:132:9: note: in expansion of macro 'utest_assertEqualsPointerMsg'
  132 |         utest_assertEqualsPointerMsg(nodoAux->pElement,pAux[i],msg);
      |         ^~~~~~~~~~~~~~~~~~~~~~~~~~~~
gcc -O0 -g3 -Wall -c -fmessage-length=0 -o "testing\\src\\removeTest.o" "..\\testing\\src\\removeTest.c" 
gcc -O0 -g3 -Wall -c -fmessage-length=0 -o "testing\\src\\getTest.o" "..\\testing\\src\\getTest.c" 
gcc -O0 -g3 -Wall -c -fmessage-length=0 -o "src\\LinkedList.o" "..\\src\\LinkedList.c" 
gcc -O0 -g3 -Wall -c -fmessage-length=0 -o "testing\\src\\newTest.o" "..\\testing\\src\\newTest.c" 
gcc -O0 -g3 -Wall -c -fmessage-length=0 -o "testing\\src\\popTest.o" "..\\testing\\src\\popTest.c" 
gcc -O0 -g3 -Wall -c -fmessage-length=0 -o "testing\\utest.o" "..\\testing\\utest.c" 
gcc -O0 -g3 -Wall -c -fmessage-length=0 -o "testing\\src\\containsTest.o" "..\\testing\\src\\containsTest.c" 
gcc -O0 -g3 -Wall -c -fmessage-length=0 -o "testing\\src\\addTest.o" "..\\testing\\src\\addTest.c" 
In file included from ..\testing\src\addTest.c:37:
..\testing\src\addTest.c: In function 'addTestCase03':
..\testing\src\../../testing/utest.h:61:127: warning: '
   ' directive writing 2 bytes into a region of size between 1 and 256 [-Wformat-overflow=]
   61 | #define utest_assertEqualsPointerMsg(A,B,C){ if(A!=B){ utest_print2("assert equals failed '%p' != '%p'\r\n",A,B);utest_print1("%s\r\n",C); utest_flagTestError=1; utest_lineTestError = __LINE__;  utest_fileTestError = __FILENAME__;return; } }
      |                                                                                                                               ^~~~~~~~
..\testing\src\../../testing/utest.h:27:62: note: in definition of macro 'utest_print1'
   27 | #define utest_print1(MSG,VAR1)   { sprintf(utest_printBuffer,MSG,VAR1); strcat(utest_printErrorBuffer,utest_printBuffer);}
      |                                                              ^~~
..\testing\src\addTest.c:108:9: note: in expansion of macro 'utest_assertEqualsPointerMsg'
  108 |         utest_assertEqualsPointerMsg(nodoAux->pElement,pAux[i],msg);
      |         ^~~~~~~~~~~~~~~~~~~~~~~~~~~~
In file included from ..\testing\src\addTest.c:37:
..\testing\src\../../testing/utest.h:61:130: note: format string is defined here
   61 | #define utest_assertEqualsPointerMsg(A,B,C){ if(A!=B){ utest_print2("assert equals failed '%p' != '%p'\r\n",A,B);utest_print1("%s\r\n",C); utest_flagTestError=1; utest_lineTestError = __LINE__;  utest_fileTestError = __FILENAME__;return; } }
      |                                                                                                                                  ^~~~
In file included from ..\testing\src\addTest.c:37:
..\testing\src\../../testing/utest.h:27:36: note: 'sprintf' output between 3 and 258 bytes into a destination of size 256
   27 | #define utest_print1(MSG,VAR1)   { sprintf(utest_printBuffer,MSG,VAR1); strcat(utest_printErrorBuffer,utest_printBuffer);}
      |                                    ^~~~~~~~~~~~~~~~~~~~~~~~~~~~~~~~~~~
..\testing\src\../../testing/utest.h:61:114: note: in expansion of macro 'utest_print1'
   61 | #define utest_assertEqualsPointerMsg(A,B,C){ if(A!=B){ utest_print2("assert equals failed '%p' != '%p'\r\n",A,B);utest_print1("%s\r\n",C); utest_flagTestError=1; utest_lineTestError = __LINE__;  utest_fileTestError = __FILENAME__;return; } }
      |                                                                                                                  ^~~~~~~~~~~~
..\testing\src\addTest.c:108:9: note: in expansion of macro 'utest_assertEqualsPointerMsg'
  108 |         utest_assertEqualsPointerMsg(nodoAux->pElement,pAux[i],msg);
      |         ^~~~~~~~~~~~~~~~~~~~~~~~~~~~
gcc -O0 -g3 -Wall -c -fmessage-length=0 -o "testing\\src\\sortTest.o" "..\\testing\\src\\sortTest.c" 
gcc -O0 -g3 -Wall -c -fmessage-length=0 -o "testing\\src\\subListTest.o" "..\\testing\\src\\subListTest.c" 
gcc -o likedList "src\\LinkedList.o" "src\\main.o" "testing\\src\\Employee.o" "testing\\src\\addNodeTest.o" "testing\\src\\addTest.o" "testing\\src\\clearTest.o" "testing\\src\\cloneTest.o" "testing\\src\\containsAllTest.o" "testing\\src\\containsTest.o" "testing\\src\\deleteLinkedListTest.o" "testing\\src\\getNodeTest.o" "testing\\src\\getTest.o" "testing\\src\\indexOfTest.o" "testing\\src\\isEmptyTest.o" "testing\\src\\lenTest.o" "testing\\src\\main_test.o" "testing\\src\\newTest.o" "testing\\src\\popTest.o" "testing\\src\\pushTest.o" "testing\\src\\removeTest.o" "testing\\src\\setTest.o" "testing\\src\\sortTest.o" "testing\\src\\subListTest.o" "testing\\utest.o" 
Info: Nothing to build for likedList
Info: Nothing to build for likedList
18:18:35 **** Incremental Build of configuration Debug for project likedList ****
Info: Internal Builder is used for build
gcc -O0 -g3 -Wall -c -fmessage-length=0 -o "src\\LinkedList.o" "..\\src\\LinkedList.c" 
gcc -o likedList "src\\LinkedList.o" "src\\main.o" "testing\\src\\Employee.o" "testing\\src\\addNodeTest.o" "testing\\src\\addTest.o" "testing\\src\\clearTest.o" "testing\\src\\cloneTest.o" "testing\\src\\containsAllTest.o" "testing\\src\\containsTest.o" "testing\\src\\deleteLinkedListTest.o" "testing\\src\\getNodeTest.o" "testing\\src\\getTest.o" "testing\\src\\indexOfTest.o" "testing\\src\\isEmptyTest.o" "testing\\src\\lenTest.o" "testing\\src\\main_test.o" "testing\\src\\newTest.o" "testing\\src\\popTest.o" "testing\\src\\pushTest.o" "testing\\src\\removeTest.o" "testing\\src\\setTest.o" "testing\\src\\sortTest.o" "testing\\src\\subListTest.o" "testing\\utest.o" 
Info: Nothing to build for likedList
18:18:51 **** Incremental Build of configuration Debug for project likedList ****
Info: Internal Builder is used for build
gcc -O0 -g3 -Wall -c -fmessage-length=0 -o "src\\main.o" "..\\src\\main.c" 
gcc -o likedList "src\\LinkedList.o" "src\\main.o" "testing\\src\\Employee.o" "testing\\src\\addNodeTest.o" "testing\\src\\addTest.o" "testing\\src\\clearTest.o" "testing\\src\\cloneTest.o" "testing\\src\\containsAllTest.o" "testing\\src\\containsTest.o" "testing\\src\\deleteLinkedListTest.o" "testing\\src\\getNodeTest.o" "testing\\src\\getTest.o" "testing\\src\\indexOfTest.o" "testing\\src\\isEmptyTest.o" "testing\\src\\lenTest.o" "testing\\src\\main_test.o" "testing\\src\\newTest.o" "testing\\src\\popTest.o" "testing\\src\\pushTest.o" "testing\\src\\removeTest.o" "testing\\src\\setTest.o" "testing\\src\\sortTest.o" "testing\\src\\subListTest.o" "testing\\utest.o" 
Info: Nothing to build for likedList
18:19:04 **** Incremental Build of configuration Debug for project likedList ****
Info: Internal Builder is used for build
gcc -O0 -g3 -Wall -c -fmessage-length=0 -o "src\\main.o" "..\\src\\main.c" 
gcc -o likedList "src\\LinkedList.o" "src\\main.o" "testing\\src\\Employee.o" "testing\\src\\addNodeTest.o" "testing\\src\\addTest.o" "testing\\src\\clearTest.o" "testing\\src\\cloneTest.o" "testing\\src\\containsAllTest.o" "testing\\src\\containsTest.o" "testing\\src\\deleteLinkedListTest.o" "testing\\src\\getNodeTest.o" "testing\\src\\getTest.o" "testing\\src\\indexOfTest.o" "testing\\src\\isEmptyTest.o" "testing\\src\\lenTest.o" "testing\\src\\main_test.o" "testing\\src\\newTest.o" "testing\\src\\popTest.o" "testing\\src\\pushTest.o" "testing\\src\\removeTest.o" "testing\\src\\setTest.o" "testing\\src\\sortTest.o" "testing\\src\\subListTest.o" "testing\\utest.o" 
Info: Nothing to build for likedList
18:19:12 **** Incremental Build of configuration Debug for project likedList ****
Info: Internal Builder is used for build
gcc -O0 -g3 -Wall -c -fmessage-length=0 -o "src\\main.o" "..\\src\\main.c" 
gcc -o likedList "src\\LinkedList.o" "src\\main.o" "testing\\src\\Employee.o" "testing\\src\\addNodeTest.o" "testing\\src\\addTest.o" "testing\\src\\clearTest.o" "testing\\src\\cloneTest.o" "testing\\src\\containsAllTest.o" "testing\\src\\containsTest.o" "testing\\src\\deleteLinkedListTest.o" "testing\\src\\getNodeTest.o" "testing\\src\\getTest.o" "testing\\src\\indexOfTest.o" "testing\\src\\isEmptyTest.o" "testing\\src\\lenTest.o" "testing\\src\\main_test.o" "testing\\src\\newTest.o" "testing\\src\\popTest.o" "testing\\src\\pushTest.o" "testing\\src\\removeTest.o" "testing\\src\\setTest.o" "testing\\src\\sortTest.o" "testing\\src\\subListTest.o" "testing\\utest.o" 
Info: Nothing to build for likedList
18:19:22 **** Incremental Build of configuration Debug for project likedList ****
Info: Internal Builder is used for build
gcc -O0 -g3 -Wall -c -fmessage-length=0 -o "src\\main.o" "..\\src\\main.c" 
gcc -o likedList "src\\LinkedList.o" "src\\main.o" "testing\\src\\Employee.o" "testing\\src\\addNodeTest.o" "testing\\src\\addTest.o" "testing\\src\\clearTest.o" "testing\\src\\cloneTest.o" "testing\\src\\containsAllTest.o" "testing\\src\\containsTest.o" "testing\\src\\deleteLinkedListTest.o" "testing\\src\\getNodeTest.o" "testing\\src\\getTest.o" "testing\\src\\indexOfTest.o" "testing\\src\\isEmptyTest.o" "testing\\src\\lenTest.o" "testing\\src\\main_test.o" "testing\\src\\newTest.o" "testing\\src\\popTest.o" "testing\\src\\pushTest.o" "testing\\src\\removeTest.o" "testing\\src\\setTest.o" "testing\\src\\sortTest.o" "testing\\src\\subListTest.o" "testing\\utest.o" 
Info: Nothing to build for likedList
18:19:30 **** Incremental Build of configuration Debug for project likedList ****
Info: Internal Builder is used for build
gcc -O0 -g3 -Wall -c -fmessage-length=0 -o "src\\main.o" "..\\src\\main.c" 
gcc -o likedList "src\\LinkedList.o" "src\\main.o" "testing\\src\\Employee.o" "testing\\src\\addNodeTest.o" "testing\\src\\addTest.o" "testing\\src\\clearTest.o" "testing\\src\\cloneTest.o" "testing\\src\\containsAllTest.o" "testing\\src\\containsTest.o" "testing\\src\\deleteLinkedListTest.o" "testing\\src\\getNodeTest.o" "testing\\src\\getTest.o" "testing\\src\\indexOfTest.o" "testing\\src\\isEmptyTest.o" "testing\\src\\lenTest.o" "testing\\src\\main_test.o" "testing\\src\\newTest.o" "testing\\src\\popTest.o" "testing\\src\\pushTest.o" "testing\\src\\removeTest.o" "testing\\src\\setTest.o" "testing\\src\\sortTest.o" "testing\\src\\subListTest.o" "testing\\utest.o" 
Info: Nothing to build for likedList
18:19:41 **** Incremental Build of configuration Debug for project likedList ****
Info: Internal Builder is used for build
gcc -O0 -g3 -Wall -c -fmessage-length=0 -o "src\\main.o" "..\\src\\main.c" 
gcc -o likedList "src\\LinkedList.o" "src\\main.o" "testing\\src\\Employee.o" "testing\\src\\addNodeTest.o" "testing\\src\\addTest.o" "testing\\src\\clearTest.o" "testing\\src\\cloneTest.o" "testing\\src\\containsAllTest.o" "testing\\src\\containsTest.o" "testing\\src\\deleteLinkedListTest.o" "testing\\src\\getNodeTest.o" "testing\\src\\getTest.o" "testing\\src\\indexOfTest.o" "testing\\src\\isEmptyTest.o" "testing\\src\\lenTest.o" "testing\\src\\main_test.o" "testing\\src\\newTest.o" "testing\\src\\popTest.o" "testing\\src\\pushTest.o" "testing\\src\\removeTest.o" "testing\\src\\setTest.o" "testing\\src\\sortTest.o" "testing\\src\\subListTest.o" "testing\\utest.o" 
Info: Nothing to build for likedList
18:19:59 **** Incremental Build of configuration Debug for project likedList ****
Info: Internal Builder is used for build
gcc -O0 -g3 -Wall -c -fmessage-length=0 -o "src\\main.o" "..\\src\\main.c" 
gcc -o likedList "src\\LinkedList.o" "src\\main.o" "testing\\src\\Employee.o" "testing\\src\\addNodeTest.o" "testing\\src\\addTest.o" "testing\\src\\clearTest.o" "testing\\src\\cloneTest.o" "testing\\src\\containsAllTest.o" "testing\\src\\containsTest.o" "testing\\src\\deleteLinkedListTest.o" "testing\\src\\getNodeTest.o" "testing\\src\\getTest.o" "testing\\src\\indexOfTest.o" "testing\\src\\isEmptyTest.o" "testing\\src\\lenTest.o" "testing\\src\\main_test.o" "testing\\src\\newTest.o" "testing\\src\\popTest.o" "testing\\src\\pushTest.o" "testing\\src\\removeTest.o" "testing\\src\\setTest.o" "testing\\src\\sortTest.o" "testing\\src\\subListTest.o" "testing\\utest.o" 
Info: Nothing to build for likedList
18:20:08 **** Incremental Build of configuration Debug for project likedList ****
Info: Internal Builder is used for build
gcc -O0 -g3 -Wall -c -fmessage-length=0 -o "src\\main.o" "..\\src\\main.c" 
gcc -o likedList "src\\LinkedList.o" "src\\main.o" "testing\\src\\Employee.o" "testing\\src\\addNodeTest.o" "testing\\src\\addTest.o" "testing\\src\\clearTest.o" "testing\\src\\cloneTest.o" "testing\\src\\containsAllTest.o" "testing\\src\\containsTest.o" "testing\\src\\deleteLinkedListTest.o" "testing\\src\\getNodeTest.o" "testing\\src\\getTest.o" "testing\\src\\indexOfTest.o" "testing\\src\\isEmptyTest.o" "testing\\src\\lenTest.o" "testing\\src\\main_test.o" "testing\\src\\newTest.o" "testing\\src\\popTest.o" "testing\\src\\pushTest.o" "testing\\src\\removeTest.o" "testing\\src\\setTest.o" "testing\\src\\sortTest.o" "testing\\src\\subListTest.o" "testing\\utest.o" 
Info: Nothing to build for likedList
18:20:17 **** Incremental Build of configuration Debug for project likedList ****
Info: Internal Builder is used for build
gcc -O0 -g3 -Wall -c -fmessage-length=0 -o "src\\main.o" "..\\src\\main.c" 
gcc -o likedList "src\\LinkedList.o" "src\\main.o" "testing\\src\\Employee.o" "testing\\src\\addNodeTest.o" "testing\\src\\addTest.o" "testing\\src\\clearTest.o" "testing\\src\\cloneTest.o" "testing\\src\\containsAllTest.o" "testing\\src\\containsTest.o" "testing\\src\\deleteLinkedListTest.o" "testing\\src\\getNodeTest.o" "testing\\src\\getTest.o" "testing\\src\\indexOfTest.o" "testing\\src\\isEmptyTest.o" "testing\\src\\lenTest.o" "testing\\src\\main_test.o" "testing\\src\\newTest.o" "testing\\src\\popTest.o" "testing\\src\\pushTest.o" "testing\\src\\removeTest.o" "testing\\src\\setTest.o" "testing\\src\\sortTest.o" "testing\\src\\subListTest.o" "testing\\utest.o" 
Info: Nothing to build for likedList
18:22:29 **** Incremental Build of configuration Debug for project likedList ****
Info: Internal Builder is used for build
gcc -O0 -g3 -Wall -c -fmessage-length=0 -o "src\\LinkedList.o" "..\\src\\LinkedList.c" 
gcc -O0 -g3 -Wall -c -fmessage-length=0 -o "src\\main.o" "..\\src\\main.c" 
gcc -o likedList "src\\LinkedList.o" "src\\main.o" "testing\\src\\Employee.o" "testing\\src\\addNodeTest.o" "testing\\src\\addTest.o" "testing\\src\\clearTest.o" "testing\\src\\cloneTest.o" "testing\\src\\containsAllTest.o" "testing\\src\\containsTest.o" "testing\\src\\deleteLinkedListTest.o" "testing\\src\\getNodeTest.o" "testing\\src\\getTest.o" "testing\\src\\indexOfTest.o" "testing\\src\\isEmptyTest.o" "testing\\src\\lenTest.o" "testing\\src\\main_test.o" "testing\\src\\newTest.o" "testing\\src\\popTest.o" "testing\\src\\pushTest.o" "testing\\src\\removeTest.o" "testing\\src\\setTest.o" "testing\\src\\sortTest.o" "testing\\src\\subListTest.o" "testing\\utest.o" 
18:22:35 **** Incremental Build of configuration Debug for project likedList ****
Info: Internal Builder is used for build
gcc -O0 -g3 -Wall -c -fmessage-length=0 -o "src\\main.o" "..\\src\\main.c" 
gcc -o likedList "src\\LinkedList.o" "src\\main.o" "testing\\src\\Employee.o" "testing\\src\\addNodeTest.o" "testing\\src\\addTest.o" "testing\\src\\clearTest.o" "testing\\src\\cloneTest.o" "testing\\src\\containsAllTest.o" "testing\\src\\containsTest.o" "testing\\src\\deleteLinkedListTest.o" "testing\\src\\getNodeTest.o" "testing\\src\\getTest.o" "testing\\src\\indexOfTest.o" "testing\\src\\isEmptyTest.o" "testing\\src\\lenTest.o" "testing\\src\\main_test.o" "testing\\src\\newTest.o" "testing\\src\\popTest.o" "testing\\src\\pushTest.o" "testing\\src\\removeTest.o" "testing\\src\\setTest.o" "testing\\src\\sortTest.o" "testing\\src\\subListTest.o" "testing\\utest.o" 
Info: Nothing to build for likedList
18:22:50 **** Incremental Build of configuration Debug for project likedList ****
Info: Internal Builder is used for build
gcc -O0 -g3 -Wall -c -fmessage-length=0 -o "src\\LinkedList.o" "..\\src\\LinkedList.c" 
gcc -o likedList "src\\LinkedList.o" "src\\main.o" "testing\\src\\Employee.o" "testing\\src\\addNodeTest.o" "testing\\src\\addTest.o" "testing\\src\\clearTest.o" "testing\\src\\cloneTest.o" "testing\\src\\containsAllTest.o" "testing\\src\\containsTest.o" "testing\\src\\deleteLinkedListTest.o" "testing\\src\\getNodeTest.o" "testing\\src\\getTest.o" "testing\\src\\indexOfTest.o" "testing\\src\\isEmptyTest.o" "testing\\src\\lenTest.o" "testing\\src\\main_test.o" "testing\\src\\newTest.o" "testing\\src\\popTest.o" "testing\\src\\pushTest.o" "testing\\src\\removeTest.o" "testing\\src\\setTest.o" "testing\\src\\sortTest.o" "testing\\src\\subListTest.o" "testing\\utest.o" 
Info: Nothing to build for likedList
18:22:57 **** Incremental Build of configuration Debug for project likedList ****
Info: Internal Builder is used for build
gcc -O0 -g3 -Wall -c -fmessage-length=0 -o "src\\LinkedList.o" "..\\src\\LinkedList.c" 
gcc -o likedList "src\\LinkedList.o" "src\\main.o" "testing\\src\\Employee.o" "testing\\src\\addNodeTest.o" "testing\\src\\addTest.o" "testing\\src\\clearTest.o" "testing\\src\\cloneTest.o" "testing\\src\\containsAllTest.o" "testing\\src\\containsTest.o" "testing\\src\\deleteLinkedListTest.o" "testing\\src\\getNodeTest.o" "testing\\src\\getTest.o" "testing\\src\\indexOfTest.o" "testing\\src\\isEmptyTest.o" "testing\\src\\lenTest.o" "testing\\src\\main_test.o" "testing\\src\\newTest.o" "testing\\src\\popTest.o" "testing\\src\\pushTest.o" "testing\\src\\removeTest.o" "testing\\src\\setTest.o" "testing\\src\\sortTest.o" "testing\\src\\subListTest.o" "testing\\utest.o" 
Info: Nothing to build for likedList
18:23:02 **** Incremental Build of configuration Debug for project likedList ****
Info: Internal Builder is used for build
gcc -O0 -g3 -Wall -c -fmessage-length=0 -o "src\\LinkedList.o" "..\\src\\LinkedList.c" 
gcc -o likedList "src\\LinkedList.o" "src\\main.o" "testing\\src\\Employee.o" "testing\\src\\addNodeTest.o" "testing\\src\\addTest.o" "testing\\src\\clearTest.o" "testing\\src\\cloneTest.o" "testing\\src\\containsAllTest.o" "testing\\src\\containsTest.o" "testing\\src\\deleteLinkedListTest.o" "testing\\src\\getNodeTest.o" "testing\\src\\getTest.o" "testing\\src\\indexOfTest.o" "testing\\src\\isEmptyTest.o" "testing\\src\\lenTest.o" "testing\\src\\main_test.o" "testing\\src\\newTest.o" "testing\\src\\popTest.o" "testing\\src\\pushTest.o" "testing\\src\\removeTest.o" "testing\\src\\setTest.o" "testing\\src\\sortTest.o" "testing\\src\\subListTest.o" "testing\\utest.o" 
Info: Nothing to build for likedList
18:24:00 **** Incremental Build of configuration Debug for project likedList ****
Info: Internal Builder is used for build
gcc -O0 -g3 -Wall -c -fmessage-length=0 -o "src\\LinkedList.o" "..\\src\\LinkedList.c" 
gcc -o likedList "src\\LinkedList.o" "src\\main.o" "testing\\src\\Employee.o" "testing\\src\\addNodeTest.o" "testing\\src\\addTest.o" "testing\\src\\clearTest.o" "testing\\src\\cloneTest.o" "testing\\src\\containsAllTest.o" "testing\\src\\containsTest.o" "testing\\src\\deleteLinkedListTest.o" "testing\\src\\getNodeTest.o" "testing\\src\\getTest.o" "testing\\src\\indexOfTest.o" "testing\\src\\isEmptyTest.o" "testing\\src\\lenTest.o" "testing\\src\\main_test.o" "testing\\src\\newTest.o" "testing\\src\\popTest.o" "testing\\src\\pushTest.o" "testing\\src\\removeTest.o" "testing\\src\\setTest.o" "testing\\src\\sortTest.o" "testing\\src\\subListTest.o" "testing\\utest.o" 
Info: Nothing to build for likedList
18:25:03 **** Incremental Build of configuration Debug for project likedList ****
Info: Internal Builder is used for build
gcc -O0 -g3 -Wall -c -fmessage-length=0 -o "src\\LinkedList.o" "..\\src\\LinkedList.c" 
gcc -o likedList "src\\LinkedList.o" "src\\main.o" "testing\\src\\Employee.o" "testing\\src\\addNodeTest.o" "testing\\src\\addTest.o" "testing\\src\\clearTest.o" "testing\\src\\cloneTest.o" "testing\\src\\containsAllTest.o" "testing\\src\\containsTest.o" "testing\\src\\deleteLinkedListTest.o" "testing\\src\\getNodeTest.o" "testing\\src\\getTest.o" "testing\\src\\indexOfTest.o" "testing\\src\\isEmptyTest.o" "testing\\src\\lenTest.o" "testing\\src\\main_test.o" "testing\\src\\newTest.o" "testing\\src\\popTest.o" "testing\\src\\pushTest.o" "testing\\src\\removeTest.o" "testing\\src\\setTest.o" "testing\\src\\sortTest.o" "testing\\src\\subListTest.o" "testing\\utest.o" 
Info: Nothing to build for likedList
Info: Nothing to build for likedList
Info: Nothing to build for likedList
18:38:37 **** Incremental Build of configuration Debug for project likedList ****
Info: Internal Builder is used for build
gcc -O0 -g3 -Wall -c -fmessage-length=0 -o "src\\main.o" "..\\src\\main.c" 
gcc -O0 -g3 -Wall -c -fmessage-length=0 -o "src\\LinkedList.o" "..\\src\\LinkedList.c" 
gcc -o likedList "src\\LinkedList.o" "src\\main.o" "testing\\src\\Employee.o" "testing\\src\\addNodeTest.o" "testing\\src\\addTest.o" "testing\\src\\clearTest.o" "testing\\src\\cloneTest.o" "testing\\src\\containsAllTest.o" "testing\\src\\containsTest.o" "testing\\src\\deleteLinkedListTest.o" "testing\\src\\getNodeTest.o" "testing\\src\\getTest.o" "testing\\src\\indexOfTest.o" "testing\\src\\isEmptyTest.o" "testing\\src\\lenTest.o" "testing\\src\\main_test.o" "testing\\src\\newTest.o" "testing\\src\\popTest.o" "testing\\src\\pushTest.o" "testing\\src\\removeTest.o" "testing\\src\\setTest.o" "testing\\src\\sortTest.o" "testing\\src\\subListTest.o" "testing\\utest.o" 
Info: Nothing to build for likedList
18:39:04 **** Incremental Build of configuration Debug for project likedList ****
Info: Internal Builder is used for build
gcc -O0 -g3 -Wall -c -fmessage-length=0 -o "src\\LinkedList.o" "..\\src\\LinkedList.c" 
gcc -o likedList "src\\LinkedList.o" "src\\main.o" "testing\\src\\Employee.o" "testing\\src\\addNodeTest.o" "testing\\src\\addTest.o" "testing\\src\\clearTest.o" "testing\\src\\cloneTest.o" "testing\\src\\containsAllTest.o" "testing\\src\\containsTest.o" "testing\\src\\deleteLinkedListTest.o" "testing\\src\\getNodeTest.o" "testing\\src\\getTest.o" "testing\\src\\indexOfTest.o" "testing\\src\\isEmptyTest.o" "testing\\src\\lenTest.o" "testing\\src\\main_test.o" "testing\\src\\newTest.o" "testing\\src\\popTest.o" "testing\\src\\pushTest.o" "testing\\src\\removeTest.o" "testing\\src\\setTest.o" "testing\\src\\sortTest.o" "testing\\src\\subListTest.o" "testing\\utest.o" 
Info: Nothing to build for likedList
18:40:10 **** Incremental Build of configuration Debug for project likedList ****
Info: Internal Builder is used for build
gcc -O0 -g3 -Wall -c -fmessage-length=0 -o "src\\LinkedList.o" "..\\src\\LinkedList.c" 
gcc -O0 -g3 -Wall -c -fmessage-length=0 -o "src\\main.o" "..\\src\\main.c" 
gcc -o likedList "src\\LinkedList.o" "src\\main.o" "testing\\src\\Employee.o" "testing\\src\\addNodeTest.o" "testing\\src\\addTest.o" "testing\\src\\clearTest.o" "testing\\src\\cloneTest.o" "testing\\src\\containsAllTest.o" "testing\\src\\containsTest.o" "testing\\src\\deleteLinkedListTest.o" "testing\\src\\getNodeTest.o" "testing\\src\\getTest.o" "testing\\src\\indexOfTest.o" "testing\\src\\isEmptyTest.o" "testing\\src\\lenTest.o" "testing\\src\\main_test.o" "testing\\src\\newTest.o" "testing\\src\\popTest.o" "testing\\src\\pushTest.o" "testing\\src\\removeTest.o" "testing\\src\\setTest.o" "testing\\src\\sortTest.o" "testing\\src\\subListTest.o" "testing\\utest.o" 
Info: Nothing to build for likedList
18:40:27 **** Incremental Build of configuration Debug for project likedList ****
Info: Internal Builder is used for build
gcc -O0 -g3 -Wall -c -fmessage-length=0 -o "src\\main.o" "..\\src\\main.c" 
gcc -o likedList "src\\LinkedList.o" "src\\main.o" "testing\\src\\Employee.o" "testing\\src\\addNodeTest.o" "testing\\src\\addTest.o" "testing\\src\\clearTest.o" "testing\\src\\cloneTest.o" "testing\\src\\containsAllTest.o" "testing\\src\\containsTest.o" "testing\\src\\deleteLinkedListTest.o" "testing\\src\\getNodeTest.o" "testing\\src\\getTest.o" "testing\\src\\indexOfTest.o" "testing\\src\\isEmptyTest.o" "testing\\src\\lenTest.o" "testing\\src\\main_test.o" "testing\\src\\newTest.o" "testing\\src\\popTest.o" "testing\\src\\pushTest.o" "testing\\src\\removeTest.o" "testing\\src\\setTest.o" "testing\\src\\sortTest.o" "testing\\src\\subListTest.o" "testing\\utest.o" 
Info: Nothing to build for likedList
18:52:54 **** Rebuild of configuration Debug for project likedList ****
Info: Internal Builder is used for build
gcc -O0 -g3 -Wall -c -fmessage-length=0 -o "testing\\src\\deleteLinkedListTest.o" "..\\testing\\src\\deleteLinkedListTest.c" 
gcc -O0 -g3 -Wall -c -fmessage-length=0 -o "testing\\src\\isEmptyTest.o" "..\\testing\\src\\isEmptyTest.c" 
gcc -O0 -g3 -Wall -c -fmessage-length=0 -o "testing\\src\\main_test.o" "..\\testing\\src\\main_test.c" 
gcc -O0 -g3 -Wall -c -fmessage-length=0 -o "testing\\src\\newTest.o" "..\\testing\\src\\newTest.c" 
gcc -O0 -g3 -Wall -c -fmessage-length=0 -o "testing\\src\\addNodeTest.o" "..\\testing\\src\\addNodeTest.c" 
In file included from ..\testing\src\addNodeTest.c:19:
..\testing\src\addNodeTest.c: In function 'addNodeTestCase03':
..\testing\src\../../testing/utest.h:61:127: warning: '
   ' directive writing 2 bytes into a region of size between 1 and 256 [-Wformat-overflow=]
   61 | #define utest_assertEqualsPointerMsg(A,B,C){ if(A!=B){ utest_print2("assert equals failed '%p' != '%p'\r\n",A,B);utest_print1("%s\r\n",C); utest_flagTestError=1; utest_lineTestError = __LINE__;  utest_fileTestError = __FILENAME__;return; } }
      |                                                                                                                               ^~~~~~~~
..\testing\src\../../testing/utest.h:27:62: note: in definition of macro 'utest_print1'
   27 | #define utest_print1(MSG,VAR1)   { sprintf(utest_printBuffer,MSG,VAR1); strcat(utest_printErrorBuffer,utest_printBuffer);}
      |                                                              ^~~
..\testing\src\addNodeTest.c:91:9: note: in expansion of macro 'utest_assertEqualsPointerMsg'
   91 |         utest_assertEqualsPointerMsg(nodoAux->pElement,pAux[i],msg);
      |         ^~~~~~~~~~~~~~~~~~~~~~~~~~~~
In file included from ..\testing\src\addNodeTest.c:19:
..\testing\src\../../testing/utest.h:61:130: note: format string is defined here
   61 | #define utest_assertEqualsPointerMsg(A,B,C){ if(A!=B){ utest_print2("assert equals failed '%p' != '%p'\r\n",A,B);utest_print1("%s\r\n",C); utest_flagTestError=1; utest_lineTestError = __LINE__;  utest_fileTestError = __FILENAME__;return; } }
      |                                                                                                                                  ^~~~
In file included from ..\testing\src\addNodeTest.c:19:
..\testing\src\../../testing/utest.h:27:36: note: 'sprintf' output between 3 and 258 bytes into a destination of size 256
   27 | #define utest_print1(MSG,VAR1)   { sprintf(utest_printBuffer,MSG,VAR1); strcat(utest_printErrorBuffer,utest_printBuffer);}
      |                                    ^~~~~~~~~~~~~~~~~~~~~~~~~~~~~~~~~~~
..\testing\src\../../testing/utest.h:61:114: note: in expansion of macro 'utest_print1'
   61 | #define utest_assertEqualsPointerMsg(A,B,C){ if(A!=B){ utest_print2("assert equals failed '%p' != '%p'\r\n",A,B);utest_print1("%s\r\n",C); utest_flagTestError=1; utest_lineTestError = __LINE__;  utest_fileTestError = __FILENAME__;return; } }
      |                                                                                                                  ^~~~~~~~~~~~
..\testing\src\addNodeTest.c:91:9: note: in expansion of macro 'utest_assertEqualsPointerMsg'
   91 |         utest_assertEqualsPointerMsg(nodoAux->pElement,pAux[i],msg);
      |         ^~~~~~~~~~~~~~~~~~~~~~~~~~~~
..\testing\src\addNodeTest.c: In function 'addNodeTestCase05':
..\testing\src\../../testing/utest.h:61:127: warning: '
   ' directive writing 2 bytes into a region of size between 1 and 256 [-Wformat-overflow=]
   61 | #define utest_assertEqualsPointerMsg(A,B,C){ if(A!=B){ utest_print2("assert equals failed '%p' != '%p'\r\n",A,B);utest_print1("%s\r\n",C); utest_flagTestError=1; utest_lineTestError = __LINE__;  utest_fileTestError = __FILENAME__;return; } }
      |                                                                                                                               ^~~~~~~~
..\testing\src\../../testing/utest.h:27:62: note: in definition of macro 'utest_print1'
   27 | #define utest_print1(MSG,VAR1)   { sprintf(utest_printBuffer,MSG,VAR1); strcat(utest_printErrorBuffer,utest_printBuffer);}
      |                                                              ^~~
..\testing\src\addNodeTest.c:132:9: note: in expansion of macro 'utest_assertEqualsPointerMsg'
  132 |         utest_assertEqualsPointerMsg(nodoAux->pElement,pAux[i],msg);
      |         ^~~~~~~~~~~~~~~~~~~~~~~~~~~~
In file included from ..\testing\src\addNodeTest.c:19:
..\testing\src\../../testing/utest.h:61:130: note: format string is defined here
   61 | #define utest_assertEqualsPointerMsg(A,B,C){ if(A!=B){ utest_print2("assert equals failed '%p' != '%p'\r\n",A,B);utest_print1("%s\r\n",C); utest_flagTestError=1; utest_lineTestError = __LINE__;  utest_fileTestError = __FILENAME__;return; } }
      |                                                                                                                                  ^~~~
In file included from ..\testing\src\addNodeTest.c:19:
..\testing\src\../../testing/utest.h:27:36: note: 'sprintf' output between 3 and 258 bytes into a destination of size 256
   27 | #define utest_print1(MSG,VAR1)   { sprintf(utest_printBuffer,MSG,VAR1); strcat(utest_printErrorBuffer,utest_printBuffer);}
      |                                    ^~~~~~~~~~~~~~~~~~~~~~~~~~~~~~~~~~~
..\testing\src\../../testing/utest.h:61:114: note: in expansion of macro 'utest_print1'
   61 | #define utest_assertEqualsPointerMsg(A,B,C){ if(A!=B){ utest_print2("assert equals failed '%p' != '%p'\r\n",A,B);utest_print1("%s\r\n",C); utest_flagTestError=1; utest_lineTestError = __LINE__;  utest_fileTestError = __FILENAME__;return; } }
      |                                                                                                                  ^~~~~~~~~~~~
..\testing\src\addNodeTest.c:132:9: note: in expansion of macro 'utest_assertEqualsPointerMsg'
  132 |         utest_assertEqualsPointerMsg(nodoAux->pElement,pAux[i],msg);
      |         ^~~~~~~~~~~~~~~~~~~~~~~~~~~~
gcc -O0 -g3 -Wall -c -fmessage-length=0 -o "testing\\src\\getNodeTest.o" "..\\testing\\src\\getNodeTest.c" 
gcc -O0 -g3 -Wall -c -fmessage-length=0 -o "testing\\src\\pushTest.o" "..\\testing\\src\\pushTest.c" 
In file included from ..\testing\src\pushTest.c:19:
..\testing\src\pushTest.c: In function 'pushTestCase03':
..\testing\src\../../testing/utest.h:61:127: warning: '
   ' directive writing 2 bytes into a region of size between 1 and 256 [-Wformat-overflow=]
   61 | #define utest_assertEqualsPointerMsg(A,B,C){ if(A!=B){ utest_print2("assert equals failed '%p' != '%p'\r\n",A,B);utest_print1("%s\r\n",C); utest_flagTestError=1; utest_lineTestError = __LINE__;  utest_fileTestError = __FILENAME__;return; } }
      |                                                                                                                               ^~~~~~~~
..\testing\src\../../testing/utest.h:27:62: note: in definition of macro 'utest_print1'
   27 | #define utest_print1(MSG,VAR1)   { sprintf(utest_printBuffer,MSG,VAR1); strcat(utest_printErrorBuffer,utest_printBuffer);}
      |                                                              ^~~
..\testing\src\pushTest.c:91:9: note: in expansion of macro 'utest_assertEqualsPointerMsg'
   91 |         utest_assertEqualsPointerMsg(pElement,pAux[i],msg);
      |         ^~~~~~~~~~~~~~~~~~~~~~~~~~~~
In file included from ..\testing\src\pushTest.c:19:
..\testing\src\../../testing/utest.h:61:130: note: format string is defined here
   61 | #define utest_assertEqualsPointerMsg(A,B,C){ if(A!=B){ utest_print2("assert equals failed '%p' != '%p'\r\n",A,B);utest_print1("%s\r\n",C); utest_flagTestError=1; utest_lineTestError = __LINE__;  utest_fileTestError = __FILENAME__;return; } }
      |                                                                                                                                  ^~~~
In file included from ..\testing\src\pushTest.c:19:
..\testing\src\../../testing/utest.h:27:36: note: 'sprintf' output between 3 and 258 bytes into a destination of size 256
   27 | #define utest_print1(MSG,VAR1)   { sprintf(utest_printBuffer,MSG,VAR1); strcat(utest_printErrorBuffer,utest_printBuffer);}
      |                                    ^~~~~~~~~~~~~~~~~~~~~~~~~~~~~~~~~~~
..\testing\src\../../testing/utest.h:61:114: note: in expansion of macro 'utest_print1'
   61 | #define utest_assertEqualsPointerMsg(A,B,C){ if(A!=B){ utest_print2("assert equals failed '%p' != '%p'\r\n",A,B);utest_print1("%s\r\n",C); utest_flagTestError=1; utest_lineTestError = __LINE__;  utest_fileTestError = __FILENAME__;return; } }
      |                                                                                                                  ^~~~~~~~~~~~
..\testing\src\pushTest.c:91:9: note: in expansion of macro 'utest_assertEqualsPointerMsg'
   91 |         utest_assertEqualsPointerMsg(pElement,pAux[i],msg);
      |         ^~~~~~~~~~~~~~~~~~~~~~~~~~~~
gcc -O0 -g3 -Wall -c -fmessage-length=0 -o "testing\\src\\addTest.o" "..\\testing\\src\\addTest.c" 
In file included from ..\testing\src\addTest.c:37:
..\testing\src\addTest.c: In function 'addTestCase03':
..\testing\src\../../testing/utest.h:61:127: warning: '
   ' directive writing 2 bytes into a region of size between 1 and 256 [-Wformat-overflow=]
   61 | #define utest_assertEqualsPointerMsg(A,B,C){ if(A!=B){ utest_print2("assert equals failed '%p' != '%p'\r\n",A,B);utest_print1("%s\r\n",C); utest_flagTestError=1; utest_lineTestError = __LINE__;  utest_fileTestError = __FILENAME__;return; } }
      |                                                                                                                               ^~~~~~~~
..\testing\src\../../testing/utest.h:27:62: note: in definition of macro 'utest_print1'
   27 | #define utest_print1(MSG,VAR1)   { sprintf(utest_printBuffer,MSG,VAR1); strcat(utest_printErrorBuffer,utest_printBuffer);}
      |                                                              ^~~
..\testing\src\addTest.c:108:9: note: in expansion of macro 'utest_assertEqualsPointerMsg'
  108 |         utest_assertEqualsPointerMsg(nodoAux->pElement,pAux[i],msg);
      |         ^~~~~~~~~~~~~~~~~~~~~~~~~~~~
In file included from ..\testing\src\addTest.c:37:
..\testing\src\../../testing/utest.h:61:130: note: format string is defined here
   61 | #define utest_assertEqualsPointerMsg(A,B,C){ if(A!=B){ utest_print2("assert equals failed '%p' != '%p'\r\n",A,B);utest_print1("%s\r\n",C); utest_flagTestError=1; utest_lineTestError = __LINE__;  utest_fileTestError = __FILENAME__;return; } }
      |                                                                                                                                  ^~~~
In file included from ..\testing\src\addTest.c:37:
..\testing\src\../../testing/utest.h:27:36: note: 'sprintf' output between 3 and 258 bytes into a destination of size 256
   27 | #define utest_print1(MSG,VAR1)   { sprintf(utest_printBuffer,MSG,VAR1); strcat(utest_printErrorBuffer,utest_printBuffer);}
      |                                    ^~~~~~~~~~~~~~~~~~~~~~~~~~~~~~~~~~~
..\testing\src\../../testing/utest.h:61:114: note: in expansion of macro 'utest_print1'
   61 | #define utest_assertEqualsPointerMsg(A,B,C){ if(A!=B){ utest_print2("assert equals failed '%p' != '%p'\r\n",A,B);utest_print1("%s\r\n",C); utest_flagTestError=1; utest_lineTestError = __LINE__;  utest_fileTestError = __FILENAME__;return; } }
      |                                                                                                                  ^~~~~~~~~~~~
..\testing\src\addTest.c:108:9: note: in expansion of macro 'utest_assertEqualsPointerMsg'
  108 |         utest_assertEqualsPointerMsg(nodoAux->pElement,pAux[i],msg);
      |         ^~~~~~~~~~~~~~~~~~~~~~~~~~~~
gcc -O0 -g3 -Wall -c -fmessage-length=0 -o "testing\\src\\containsTest.o" "..\\testing\\src\\containsTest.c" 
gcc -O0 -g3 -Wall -c -fmessage-length=0 -o "testing\\src\\sortTest.o" "..\\testing\\src\\sortTest.c" 
gcc -O0 -g3 -Wall -c -fmessage-length=0 -o "testing\\src\\Employee.o" "..\\testing\\src\\Employee.c" 
gcc -O0 -g3 -Wall -c -fmessage-length=0 -o "testing\\src\\cloneTest.o" "..\\testing\\src\\cloneTest.c" 
gcc -O0 -g3 -Wall -c -fmessage-length=0 -o "testing\\src\\getTest.o" "..\\testing\\src\\getTest.c" 
gcc -O0 -g3 -Wall -c -fmessage-length=0 -o "testing\\src\\removeTest.o" "..\\testing\\src\\removeTest.c" 
gcc -O0 -g3 -Wall -c -fmessage-length=0 -o "testing\\src\\subListTest.o" "..\\testing\\src\\subListTest.c" 
gcc -O0 -g3 -Wall -c -fmessage-length=0 -o "testing\\src\\indexOfTest.o" "..\\testing\\src\\indexOfTest.c" 
gcc -O0 -g3 -Wall -c -fmessage-length=0 -o "testing\\src\\popTest.o" "..\\testing\\src\\popTest.c" 
gcc -O0 -g3 -Wall -c -fmessage-length=0 -o "testing\\src\\setTest.o" "..\\testing\\src\\setTest.c" 
gcc -O0 -g3 -Wall -c -fmessage-length=0 -o "testing\\src\\containsAllTest.o" "..\\testing\\src\\containsAllTest.c" 
gcc -O0 -g3 -Wall -c -fmessage-length=0 -o "testing\\utest.o" "..\\testing\\utest.c" 
gcc -O0 -g3 -Wall -c -fmessage-length=0 -o "src\\LinkedList.o" "..\\src\\LinkedList.c" 
gcc -O0 -g3 -Wall -c -fmessage-length=0 -o "testing\\src\\lenTest.o" "..\\testing\\src\\lenTest.c" 
gcc -O0 -g3 -Wall -c -fmessage-length=0 -o "src\\main.o" "..\\src\\main.c" 
gcc -O0 -g3 -Wall -c -fmessage-length=0 -o "testing\\src\\clearTest.o" "..\\testing\\src\\clearTest.c" 
gcc -o likedList "src\\LinkedList.o" "src\\main.o" "testing\\src\\Employee.o" "testing\\src\\addNodeTest.o" "testing\\src\\addTest.o" "testing\\src\\clearTest.o" "testing\\src\\cloneTest.o" "testing\\src\\containsAllTest.o" "testing\\src\\containsTest.o" "testing\\src\\deleteLinkedListTest.o" "testing\\src\\getNodeTest.o" "testing\\src\\getTest.o" "testing\\src\\indexOfTest.o" "testing\\src\\isEmptyTest.o" "testing\\src\\lenTest.o" "testing\\src\\main_test.o" "testing\\src\\newTest.o" "testing\\src\\popTest.o" "testing\\src\\pushTest.o" "testing\\src\\removeTest.o" "testing\\src\\setTest.o" "testing\\src\\sortTest.o" "testing\\src\\subListTest.o" "testing\\utest.o" 
Info: Nothing to build for likedList
19:44:49 **** Incremental Build of configuration Debug for project likedList ****
Info: Internal Builder is used for build
gcc -O0 -g3 -Wall -c -fmessage-length=0 -o "src\\LinkedList.o" "..\\src\\LinkedList.c" 
gcc -o likedList "src\\LinkedList.o" "src\\main.o" "testing\\src\\Employee.o" "testing\\src\\addNodeTest.o" "testing\\src\\addTest.o" "testing\\src\\clearTest.o" "testing\\src\\cloneTest.o" "testing\\src\\containsAllTest.o" "testing\\src\\containsTest.o" "testing\\src\\deleteLinkedListTest.o" "testing\\src\\getNodeTest.o" "testing\\src\\getTest.o" "testing\\src\\indexOfTest.o" "testing\\src\\isEmptyTest.o" "testing\\src\\lenTest.o" "testing\\src\\main_test.o" "testing\\src\\newTest.o" "testing\\src\\popTest.o" "testing\\src\\pushTest.o" "testing\\src\\removeTest.o" "testing\\src\\setTest.o" "testing\\src\\sortTest.o" "testing\\src\\subListTest.o" "testing\\utest.o" 
Info: Nothing to build for likedList
Info: Nothing to build for likedList
20:52:53 **** Incremental Build of configuration Debug for project likedList ****
Info: Internal Builder is used for build
gcc -O0 -g3 -Wall -c -fmessage-length=0 -o "src\\LinkedList.o" "..\\src\\LinkedList.c" 
gcc -O0 -g3 -Wall -c -fmessage-length=0 -o "src\\main.o" "..\\src\\main.c" 
gcc -o likedList "src\\LinkedList.o" "src\\main.o" "testing\\src\\Employee.o" "testing\\src\\addNodeTest.o" "testing\\src\\addTest.o" "testing\\src\\clearTest.o" "testing\\src\\cloneTest.o" "testing\\src\\containsAllTest.o" "testing\\src\\containsTest.o" "testing\\src\\deleteLinkedListTest.o" "testing\\src\\getNodeTest.o" "testing\\src\\getTest.o" "testing\\src\\indexOfTest.o" "testing\\src\\isEmptyTest.o" "testing\\src\\lenTest.o" "testing\\src\\main_test.o" "testing\\src\\newTest.o" "testing\\src\\popTest.o" "testing\\src\\pushTest.o" "testing\\src\\removeTest.o" "testing\\src\\setTest.o" "testing\\src\\sortTest.o" "testing\\src\\subListTest.o" "testing\\utest.o" 
Info: Nothing to build for likedList
20:53:23 **** Incremental Build of configuration Debug for project likedList ****
Info: Internal Builder is used for build
gcc -O0 -g3 -Wall -c -fmessage-length=0 -o "src\\main.o" "..\\src\\main.c" 
gcc -o likedList "src\\LinkedList.o" "src\\main.o" "testing\\src\\Employee.o" "testing\\src\\addNodeTest.o" "testing\\src\\addTest.o" "testing\\src\\clearTest.o" "testing\\src\\cloneTest.o" "testing\\src\\containsAllTest.o" "testing\\src\\containsTest.o" "testing\\src\\deleteLinkedListTest.o" "testing\\src\\getNodeTest.o" "testing\\src\\getTest.o" "testing\\src\\indexOfTest.o" "testing\\src\\isEmptyTest.o" "testing\\src\\lenTest.o" "testing\\src\\main_test.o" "testing\\src\\newTest.o" "testing\\src\\popTest.o" "testing\\src\\pushTest.o" "testing\\src\\removeTest.o" "testing\\src\\setTest.o" "testing\\src\\sortTest.o" "testing\\src\\subListTest.o" "testing\\utest.o" 
Info: Nothing to build for likedList
20:54:35 **** Incremental Build of configuration Debug for project likedList ****
Info: Internal Builder is used for build
gcc -O0 -g3 -Wall -c -fmessage-length=0 -o "src\\LinkedList.o" "..\\src\\LinkedList.c" 
gcc -o likedList "src\\LinkedList.o" "src\\main.o" "testing\\src\\Employee.o" "testing\\src\\addNodeTest.o" "testing\\src\\addTest.o" "testing\\src\\clearTest.o" "testing\\src\\cloneTest.o" "testing\\src\\containsAllTest.o" "testing\\src\\containsTest.o" "testing\\src\\deleteLinkedListTest.o" "testing\\src\\getNodeTest.o" "testing\\src\\getTest.o" "testing\\src\\indexOfTest.o" "testing\\src\\isEmptyTest.o" "testing\\src\\lenTest.o" "testing\\src\\main_test.o" "testing\\src\\newTest.o" "testing\\src\\popTest.o" "testing\\src\\pushTest.o" "testing\\src\\removeTest.o" "testing\\src\\setTest.o" "testing\\src\\sortTest.o" "testing\\src\\subListTest.o" "testing\\utest.o" 
Info: Nothing to build for likedList
20:54:45 **** Incremental Build of configuration Debug for project likedList ****
Info: Internal Builder is used for build
gcc -O0 -g3 -Wall -c -fmessage-length=0 -o "src\\main.o" "..\\src\\main.c" 
gcc -o likedList "src\\LinkedList.o" "src\\main.o" "testing\\src\\Employee.o" "testing\\src\\addNodeTest.o" "testing\\src\\addTest.o" "testing\\src\\clearTest.o" "testing\\src\\cloneTest.o" "testing\\src\\containsAllTest.o" "testing\\src\\containsTest.o" "testing\\src\\deleteLinkedListTest.o" "testing\\src\\getNodeTest.o" "testing\\src\\getTest.o" "testing\\src\\indexOfTest.o" "testing\\src\\isEmptyTest.o" "testing\\src\\lenTest.o" "testing\\src\\main_test.o" "testing\\src\\newTest.o" "testing\\src\\popTest.o" "testing\\src\\pushTest.o" "testing\\src\\removeTest.o" "testing\\src\\setTest.o" "testing\\src\\sortTest.o" "testing\\src\\subListTest.o" "testing\\utest.o" 
Info: Nothing to build for likedList
20:56:25 **** Incremental Build of configuration Debug for project likedList ****
Info: Internal Builder is used for build
gcc -O0 -g3 -Wall -c -fmessage-length=0 -o "src\\LinkedList.o" "..\\src\\LinkedList.c" 
gcc -o likedList "src\\LinkedList.o" "src\\main.o" "testing\\src\\Employee.o" "testing\\src\\addNodeTest.o" "testing\\src\\addTest.o" "testing\\src\\clearTest.o" "testing\\src\\cloneTest.o" "testing\\src\\containsAllTest.o" "testing\\src\\containsTest.o" "testing\\src\\deleteLinkedListTest.o" "testing\\src\\getNodeTest.o" "testing\\src\\getTest.o" "testing\\src\\indexOfTest.o" "testing\\src\\isEmptyTest.o" "testing\\src\\lenTest.o" "testing\\src\\main_test.o" "testing\\src\\newTest.o" "testing\\src\\popTest.o" "testing\\src\\pushTest.o" "testing\\src\\removeTest.o" "testing\\src\\setTest.o" "testing\\src\\sortTest.o" "testing\\src\\subListTest.o" "testing\\utest.o" 
Info: Nothing to build for likedList
20:56:55 **** Incremental Build of configuration Debug for project likedList ****
Info: Internal Builder is used for build
gcc -O0 -g3 -Wall -c -fmessage-length=0 -o "src\\LinkedList.o" "..\\src\\LinkedList.c" 
gcc -o likedList "src\\LinkedList.o" "src\\main.o" "testing\\src\\Employee.o" "testing\\src\\addNodeTest.o" "testing\\src\\addTest.o" "testing\\src\\clearTest.o" "testing\\src\\cloneTest.o" "testing\\src\\containsAllTest.o" "testing\\src\\containsTest.o" "testing\\src\\deleteLinkedListTest.o" "testing\\src\\getNodeTest.o" "testing\\src\\getTest.o" "testing\\src\\indexOfTest.o" "testing\\src\\isEmptyTest.o" "testing\\src\\lenTest.o" "testing\\src\\main_test.o" "testing\\src\\newTest.o" "testing\\src\\popTest.o" "testing\\src\\pushTest.o" "testing\\src\\removeTest.o" "testing\\src\\setTest.o" "testing\\src\\sortTest.o" "testing\\src\\subListTest.o" "testing\\utest.o" 
Info: Nothing to build for likedList
20:57:16 **** Incremental Build of configuration Debug for project likedList ****
Info: Internal Builder is used for build
gcc -O0 -g3 -Wall -c -fmessage-length=0 -o "src\\LinkedList.o" "..\\src\\LinkedList.c" 
gcc -o likedList "src\\LinkedList.o" "src\\main.o" "testing\\src\\Employee.o" "testing\\src\\addNodeTest.o" "testing\\src\\addTest.o" "testing\\src\\clearTest.o" "testing\\src\\cloneTest.o" "testing\\src\\containsAllTest.o" "testing\\src\\containsTest.o" "testing\\src\\deleteLinkedListTest.o" "testing\\src\\getNodeTest.o" "testing\\src\\getTest.o" "testing\\src\\indexOfTest.o" "testing\\src\\isEmptyTest.o" "testing\\src\\lenTest.o" "testing\\src\\main_test.o" "testing\\src\\newTest.o" "testing\\src\\popTest.o" "testing\\src\\pushTest.o" "testing\\src\\removeTest.o" "testing\\src\\setTest.o" "testing\\src\\sortTest.o" "testing\\src\\subListTest.o" "testing\\utest.o" 
Info: Nothing to build for likedList
20:57:37 **** Incremental Build of configuration Debug for project likedList ****
Info: Internal Builder is used for build
gcc -O0 -g3 -Wall -c -fmessage-length=0 -o "src\\LinkedList.o" "..\\src\\LinkedList.c" 
gcc -o likedList "src\\LinkedList.o" "src\\main.o" "testing\\src\\Employee.o" "testing\\src\\addNodeTest.o" "testing\\src\\addTest.o" "testing\\src\\clearTest.o" "testing\\src\\cloneTest.o" "testing\\src\\containsAllTest.o" "testing\\src\\containsTest.o" "testing\\src\\deleteLinkedListTest.o" "testing\\src\\getNodeTest.o" "testing\\src\\getTest.o" "testing\\src\\indexOfTest.o" "testing\\src\\isEmptyTest.o" "testing\\src\\lenTest.o" "testing\\src\\main_test.o" "testing\\src\\newTest.o" "testing\\src\\popTest.o" "testing\\src\\pushTest.o" "testing\\src\\removeTest.o" "testing\\src\\setTest.o" "testing\\src\\sortTest.o" "testing\\src\\subListTest.o" "testing\\utest.o" 
Info: Nothing to build for likedList
20:58:07 **** Incremental Build of configuration Debug for project likedList ****
Info: Internal Builder is used for build
gcc -O0 -g3 -Wall -c -fmessage-length=0 -o "src\\LinkedList.o" "..\\src\\LinkedList.c" 
gcc -o likedList "src\\LinkedList.o" "src\\main.o" "testing\\src\\Employee.o" "testing\\src\\addNodeTest.o" "testing\\src\\addTest.o" "testing\\src\\clearTest.o" "testing\\src\\cloneTest.o" "testing\\src\\containsAllTest.o" "testing\\src\\containsTest.o" "testing\\src\\deleteLinkedListTest.o" "testing\\src\\getNodeTest.o" "testing\\src\\getTest.o" "testing\\src\\indexOfTest.o" "testing\\src\\isEmptyTest.o" "testing\\src\\lenTest.o" "testing\\src\\main_test.o" "testing\\src\\newTest.o" "testing\\src\\popTest.o" "testing\\src\\pushTest.o" "testing\\src\\removeTest.o" "testing\\src\\setTest.o" "testing\\src\\sortTest.o" "testing\\src\\subListTest.o" "testing\\utest.o" 
Info: Nothing to build for likedList
Info: Nothing to build for likedList
21:13:17 **** Incremental Build of configuration Debug for project likedList ****
Info: Internal Builder is used for build
gcc -O0 -g3 -Wall -c -fmessage-length=0 -o "src\\LinkedList.o" "..\\src\\LinkedList.c" 
..\src\LinkedList.c: In function 'll_sort':
..\src\LinkedList.c:510:3: error: 'nuevoLimite' undeclared (first use in this function)
  510 |   nuevoLimite--;
      |   ^~~~~~~~~~~
..\src\LinkedList.c:510:3: note: each undeclared identifier is reported only once for each function it appears in
21:13:20 **** Incremental Build of configuration Debug for project likedList ****
Info: Internal Builder is used for build
gcc -O0 -g3 -Wall -c -fmessage-length=0 -o "src\\LinkedList.o" "..\\src\\LinkedList.c" 
gcc -o likedList "src\\LinkedList.o" "src\\main.o" "testing\\src\\Employee.o" "testing\\src\\addNodeTest.o" "testing\\src\\addTest.o" "testing\\src\\clearTest.o" "testing\\src\\cloneTest.o" "testing\\src\\containsAllTest.o" "testing\\src\\containsTest.o" "testing\\src\\deleteLinkedListTest.o" "testing\\src\\getNodeTest.o" "testing\\src\\getTest.o" "testing\\src\\indexOfTest.o" "testing\\src\\isEmptyTest.o" "testing\\src\\lenTest.o" "testing\\src\\main_test.o" "testing\\src\\newTest.o" "testing\\src\\popTest.o" "testing\\src\\pushTest.o" "testing\\src\\removeTest.o" "testing\\src\\setTest.o" "testing\\src\\sortTest.o" "testing\\src\\subListTest.o" "testing\\utest.o" 
Info: Nothing to build for likedList
21:28:55 **** Incremental Build of configuration Debug for project likedList ****
Info: Internal Builder is used for build
gcc -O0 -g3 -Wall -c -fmessage-length=0 -o "src\\LinkedList.o" "..\\src\\LinkedList.c" 
gcc -o likedList "src\\LinkedList.o" "src\\main.o" "testing\\src\\Employee.o" "testing\\src\\addNodeTest.o" "testing\\src\\addTest.o" "testing\\src\\clearTest.o" "testing\\src\\cloneTest.o" "testing\\src\\containsAllTest.o" "testing\\src\\containsTest.o" "testing\\src\\deleteLinkedListTest.o" "testing\\src\\getNodeTest.o" "testing\\src\\getTest.o" "testing\\src\\indexOfTest.o" "testing\\src\\isEmptyTest.o" "testing\\src\\lenTest.o" "testing\\src\\main_test.o" "testing\\src\\newTest.o" "testing\\src\\popTest.o" "testing\\src\\pushTest.o" "testing\\src\\removeTest.o" "testing\\src\\setTest.o" "testing\\src\\sortTest.o" "testing\\src\\subListTest.o" "testing\\utest.o" 
Info: Nothing to build for likedList
21:34:32 **** Incremental Build of configuration Debug for project likedList ****
Info: Internal Builder is used for build
gcc -O0 -g3 -Wall -c -fmessage-length=0 -o "src\\LinkedList.o" "..\\src\\LinkedList.c" 
gcc -o likedList "src\\LinkedList.o" "src\\main.o" "testing\\src\\Employee.o" "testing\\src\\addNodeTest.o" "testing\\src\\addTest.o" "testing\\src\\clearTest.o" "testing\\src\\cloneTest.o" "testing\\src\\containsAllTest.o" "testing\\src\\containsTest.o" "testing\\src\\deleteLinkedListTest.o" "testing\\src\\getNodeTest.o" "testing\\src\\getTest.o" "testing\\src\\indexOfTest.o" "testing\\src\\isEmptyTest.o" "testing\\src\\lenTest.o" "testing\\src\\main_test.o" "testing\\src\\newTest.o" "testing\\src\\popTest.o" "testing\\src\\pushTest.o" "testing\\src\\removeTest.o" "testing\\src\\setTest.o" "testing\\src\\sortTest.o" "testing\\src\\subListTest.o" "testing\\utest.o" 
Info: Nothing to build for likedList
21:34:45 **** Incremental Build of configuration Debug for project likedList ****
Info: Internal Builder is used for build
gcc -O0 -g3 -Wall -c -fmessage-length=0 -o "src\\main.o" "..\\src\\main.c" 
gcc -o likedList "src\\LinkedList.o" "src\\main.o" "testing\\src\\Employee.o" "testing\\src\\addNodeTest.o" "testing\\src\\addTest.o" "testing\\src\\clearTest.o" "testing\\src\\cloneTest.o" "testing\\src\\containsAllTest.o" "testing\\src\\containsTest.o" "testing\\src\\deleteLinkedListTest.o" "testing\\src\\getNodeTest.o" "testing\\src\\getTest.o" "testing\\src\\indexOfTest.o" "testing\\src\\isEmptyTest.o" "testing\\src\\lenTest.o" "testing\\src\\main_test.o" "testing\\src\\newTest.o" "testing\\src\\popTest.o" "testing\\src\\pushTest.o" "testing\\src\\removeTest.o" "testing\\src\\setTest.o" "testing\\src\\sortTest.o" "testing\\src\\subListTest.o" "testing\\utest.o" 
Info: Nothing to build for likedList
22:06:20 **** Incremental Build of configuration Debug for project likedList ****
Info: Internal Builder is used for build
gcc -O0 -g3 -Wall -c -fmessage-length=0 -o "src\\LinkedList.o" "..\\src\\LinkedList.c" 
gcc -o likedList "src\\LinkedList.o" "src\\main.o" "testing\\src\\Employee.o" "testing\\src\\addNodeTest.o" "testing\\src\\addTest.o" "testing\\src\\clearTest.o" "testing\\src\\cloneTest.o" "testing\\src\\containsAllTest.o" "testing\\src\\containsTest.o" "testing\\src\\deleteLinkedListTest.o" "testing\\src\\getNodeTest.o" "testing\\src\\getTest.o" "testing\\src\\indexOfTest.o" "testing\\src\\isEmptyTest.o" "testing\\src\\lenTest.o" "testing\\src\\main_test.o" "testing\\src\\newTest.o" "testing\\src\\popTest.o" "testing\\src\\pushTest.o" "testing\\src\\removeTest.o" "testing\\src\\setTest.o" "testing\\src\\sortTest.o" "testing\\src\\subListTest.o" "testing\\utest.o" 
22:47:06 **** Incremental Build of configuration Debug for project likedList ****
Info: Internal Builder is used for build
gcc -O0 -g3 -Wall -c -fmessage-length=0 -o "src\\LinkedList.o" "..\\src\\LinkedList.c" 
..\src\LinkedList.c: In function 'll_clone':
..\src\LinkedList.c:464:11: warning: unused variable 'pElement' [-Wunused-variable]
  464 |     void* pElement = NULL;
      |           ^~~~~~~~
gcc -o likedList "src\\LinkedList.o" "src\\main.o" "testing\\src\\Employee.o" "testing\\src\\addNodeTest.o" "testing\\src\\addTest.o" "testing\\src\\clearTest.o" "testing\\src\\cloneTest.o" "testing\\src\\containsAllTest.o" "testing\\src\\containsTest.o" "testing\\src\\deleteLinkedListTest.o" "testing\\src\\getNodeTest.o" "testing\\src\\getTest.o" "testing\\src\\indexOfTest.o" "testing\\src\\isEmptyTest.o" "testing\\src\\lenTest.o" "testing\\src\\main_test.o" "testing\\src\\newTest.o" "testing\\src\\popTest.o" "testing\\src\\pushTest.o" "testing\\src\\removeTest.o" "testing\\src\\setTest.o" "testing\\src\\sortTest.o" "testing\\src\\subListTest.o" "testing\\utest.o" 
22:47:14 **** Incremental Build of configuration Debug for project likedList ****
Info: Internal Builder is used for build
gcc -O0 -g3 -Wall -c -fmessage-length=0 -o "src\\LinkedList.o" "..\\src\\LinkedList.c" 
gcc -o likedList "src\\LinkedList.o" "src\\main.o" "testing\\src\\Employee.o" "testing\\src\\addNodeTest.o" "testing\\src\\addTest.o" "testing\\src\\clearTest.o" "testing\\src\\cloneTest.o" "testing\\src\\containsAllTest.o" "testing\\src\\containsTest.o" "testing\\src\\deleteLinkedListTest.o" "testing\\src\\getNodeTest.o" "testing\\src\\getTest.o" "testing\\src\\indexOfTest.o" "testing\\src\\isEmptyTest.o" "testing\\src\\lenTest.o" "testing\\src\\main_test.o" "testing\\src\\newTest.o" "testing\\src\\popTest.o" "testing\\src\\pushTest.o" "testing\\src\\removeTest.o" "testing\\src\\setTest.o" "testing\\src\\sortTest.o" "testing\\src\\subListTest.o" "testing\\utest.o" 
