14:35:04 **** Incremental Build of configuration Debug for project TP_2 ****
Info: Internal Builder is used for build
gcc -O0 -g3 -Wall -c -fmessage-length=0 -o "src\\ArrayEmployees.o" "..\\src\\ArrayEmployees.c" 
gcc -o TP_2.exe "src\\ArrayEmployees.o" "src\\Input.o" "src\\TP_2.o" "src\\output.o" 
c:/mingw/bin/../lib/gcc/mingw32/9.2.0/../../../../mingw32/bin/ld.exe: cannot open output file TP_2.exe: Permission denied
collect2.exe: error: ld returned 1 exit status
14:35:08 **** Incremental Build of configuration Debug for project TP_2 ****
Info: Internal Builder is used for build
gcc -o TP_2.exe "src\\ArrayEmployees.o" "src\\Input.o" "src\\TP_2.o" "src\\output.o" 
c:/mingw/bin/../lib/gcc/mingw32/9.2.0/../../../../mingw32/bin/ld.exe: cannot open output file TP_2.exe: Permission denied
collect2.exe: error: ld returned 1 exit status
14:35:20 **** Incremental Build of configuration Debug for project TP_2 ****
Info: Internal Builder is used for build
gcc -o TP_2.exe "src\\ArrayEmployees.o" "src\\Input.o" "src\\TP_2.o" "src\\output.o" 
c:/mingw/bin/../lib/gcc/mingw32/9.2.0/../../../../mingw32/bin/ld.exe: cannot open output file TP_2.exe: Permission denied
collect2.exe: error: ld returned 1 exit status
14:36:37 **** Incremental Build of configuration Debug for project TP_2 ****
Info: Internal Builder is used for build
gcc -O0 -g3 -Wall -c -fmessage-length=0 -o "src\\ArrayEmployees.o" "..\\src\\ArrayEmployees.c" 
gcc -o TP_2.exe "src\\ArrayEmployees.o" "src\\Input.o" "src\\TP_2.o" "src\\output.o" 
c:/mingw/bin/../lib/gcc/mingw32/9.2.0/../../../../mingw32/bin/ld.exe: cannot open output file TP_2.exe: Permission denied
collect2.exe: error: ld returned 1 exit status
14:36:39 **** Incremental Build of configuration Debug for project TP_2 ****
Info: Internal Builder is used for build
gcc -o TP_2.exe "src\\ArrayEmployees.o" "src\\Input.o" "src\\TP_2.o" "src\\output.o" 
14:37:15 **** Incremental Build of configuration Debug for project TP_2 ****
Info: Internal Builder is used for build
gcc -O0 -g3 -Wall -c -fmessage-length=0 -o "src\\TP_2.o" "..\\src\\TP_2.c" 
gcc -O0 -g3 -Wall -c -fmessage-length=0 -o "src\\ArrayEmployees.o" "..\\src\\ArrayEmployees.c" 
gcc -o TP_2.exe "src\\ArrayEmployees.o" "src\\Input.o" "src\\TP_2.o" "src\\output.o" 
c:/mingw/bin/../lib/gcc/mingw32/9.2.0/../../../../mingw32/bin/ld.exe: cannot open output file TP_2.exe: Permission denied
collect2.exe: error: ld returned 1 exit status
14:37:16 **** Incremental Build of configuration Debug for project TP_2 ****
Info: Internal Builder is used for build
gcc -o TP_2.exe "src\\ArrayEmployees.o" "src\\Input.o" "src\\TP_2.o" "src\\output.o" 
14:37:42 **** Incremental Build of configuration Debug for project TP_2 ****
Info: Internal Builder is used for build
gcc -O0 -g3 -Wall -c -fmessage-length=0 -o "src\\ArrayEmployees.o" "..\\src\\ArrayEmployees.c" 
gcc -o TP_2.exe "src\\ArrayEmployees.o" "src\\Input.o" "src\\TP_2.o" "src\\output.o" 
c:/mingw/bin/../lib/gcc/mingw32/9.2.0/../../../../mingw32/bin/ld.exe: cannot open output file TP_2.exe: Permission denied
collect2.exe: error: ld returned 1 exit status
14:37:43 **** Incremental Build of configuration Debug for project TP_2 ****
Info: Internal Builder is used for build
gcc -o TP_2.exe "src\\ArrayEmployees.o" "src\\Input.o" "src\\TP_2.o" "src\\output.o" 
14:40:26 **** Incremental Build of configuration Debug for project TP_2 ****
Info: Internal Builder is used for build
gcc -O0 -g3 -Wall -c -fmessage-length=0 -o "src\\ArrayEmployees.o" "..\\src\\ArrayEmployees.c" 
..\src\ArrayEmployees.c: In function 'modifyEmployee':
..\src\ArrayEmployees.c:103:131: error: expected ')' before numeric constant
  103 |    ObtenerEnteroEntreRango(&ModificarMenu,"¿Que desea modificar? \n 1- Nombre \n 2- Apellido \n 3- Salario \n 4- Sector\nOpcion: "1,4,3);
      |                                                                                                                                   ^
      |                                                                                                                                   )
..\src\ArrayEmployees.c:103:4: error: too few arguments to function 'ObtenerEnteroEntreRango'
  103 |    ObtenerEnteroEntreRango(&ModificarMenu,"¿Que desea modificar? \n 1- Nombre \n 2- Apellido \n 3- Salario \n 4- Sector\nOpcion: "1,4,3);
      |    ^~~~~~~~~~~~~~~~~~~~~~~
In file included from ..\src\ArrayEmployees.c:5:
..\src\Input.h:26:5: note: declared here
   26 | int ObtenerEnteroEntreRango(int* pResultado, char mensaje[], int min, int max, int reintentos);
      |     ^~~~~~~~~~~~~~~~~~~~~~~
14:40:35 **** Incremental Build of configuration Debug for project TP_2 ****
Info: Internal Builder is used for build
gcc -O0 -g3 -Wall -c -fmessage-length=0 -o "src\\ArrayEmployees.o" "..\\src\\ArrayEmployees.c" 
gcc -o TP_2.exe "src\\ArrayEmployees.o" "src\\Input.o" "src\\TP_2.o" "src\\output.o" 
c:/mingw/bin/../lib/gcc/mingw32/9.2.0/../../../../mingw32/bin/ld.exe: cannot open output file TP_2.exe: Permission denied
collect2.exe: error: ld returned 1 exit status
14:40:37 **** Incremental Build of configuration Debug for project TP_2 ****
Info: Internal Builder is used for build
gcc -o TP_2.exe "src\\ArrayEmployees.o" "src\\Input.o" "src\\TP_2.o" "src\\output.o" 
14:45:44 **** Incremental Build of configuration Debug for project TP_2 ****
Info: Internal Builder is used for build
gcc -O0 -g3 -Wall -c -fmessage-length=0 -o "src\\TP_2.o" "..\\src\\TP_2.c" 
..\src\TP_2.c: In function 'main':
..\src\TP_2.c:37:20: warning: passing argument 1 of 'loadEmployee' from incompatible pointer type [-Wincompatible-pointer-types]
   37 |       loadEmployee(&nombre,&apellido,&salario,&sector);
      |                    ^~~~~~~
      |                    |
      |                    char (*)[21]
In file included from ..\src\TP_2.c:7:
..\src\ArrayEmployees.h:77:23: note: expected 'char *' but argument is of type 'char (*)[21]'
   77 | int loadEmployee(char name[],char lastName[],float* salary,int* sector);
      |                  ~~~~~^~~~~~
..\src\TP_2.c:37:28: warning: passing argument 2 of 'loadEmployee' from incompatible pointer type [-Wincompatible-pointer-types]
   37 |       loadEmployee(&nombre,&apellido,&salario,&sector);
      |                            ^~~~~~~~~
      |                            |
      |                            char (*)[21]
In file included from ..\src\TP_2.c:7:
..\src\ArrayEmployees.h:77:35: note: expected 'char *' but argument is of type 'char (*)[21]'
   77 | int loadEmployee(char name[],char lastName[],float* salary,int* sector);
      |                              ~~~~~^~~~~~~~~~
gcc -O0 -g3 -Wall -c -fmessage-length=0 -o "src\\ArrayEmployees.o" "..\\src\\ArrayEmployees.c" 
..\src\ArrayEmployees.c:26:5: error: conflicting types for 'loadEmployee'
   26 | int loadEmployee(char* name[],char* lastName[],float* salary,int* sector){
      |     ^~~~~~~~~~~~
In file included from ..\src\ArrayEmployees.c:6:
..\src\ArrayEmployees.h:77:5: note: previous declaration of 'loadEmployee' was here
   77 | int loadEmployee(char name[],char lastName[],float* salary,int* sector);
      |     ^~~~~~~~~~~~
..\src\ArrayEmployees.c: In function 'loadEmployee':
..\src\ArrayEmployees.c:30:53: warning: passing argument 2 of 'ObtenerString' from incompatible pointer type [-Wincompatible-pointer-types]
   30 |   if(ObtenerString("Ingrese el nombre del empleado",name,21,3) == -1){
      |                                                     ^~~~
      |                                                     |
      |                                                     char **
In file included from ..\src\ArrayEmployees.c:5:
..\src\Input.h:35:40: note: expected 'char *' but argument is of type 'char **'
   35 | int ObtenerString(char mensaje[], char cadena[], int tam, int reintentos);
      |                                   ~~~~~^~~~~~~~
..\src\ArrayEmployees.c:36:60: warning: passing argument 2 of 'ObtenerString' from incompatible pointer type [-Wincompatible-pointer-types]
   36 |   else if(ObtenerString("Ingrese el apellido del empleado",lastName,21,3) == -1){
      |                                                            ^~~~~~~~
      |                                                            |
      |                                                            char **
In file included from ..\src\ArrayEmployees.c:5:
..\src\Input.h:35:40: note: expected 'char *' but argument is of type 'char **'
   35 | int ObtenerString(char mensaje[], char cadena[], int tam, int reintentos);
      |                                   ~~~~~^~~~~~~~
..\src\ArrayEmployees.c: In function 'addEmployee':
..\src\ArrayEmployees.c:56:7: warning: variable 'retorno' set but not used [-Wunused-but-set-variable]
   56 |   int retorno;
      |       ^~~~~~~
..\src\ArrayEmployees.c:73:12: error: 'retorno' undeclared (first use in this function)
   73 |     return retorno;
      |            ^~~~~~~
..\src\ArrayEmployees.c:73:12: note: each undeclared identifier is reported only once for each function it appears in
..\src\ArrayEmployees.c:74:1: warning: control reaches end of non-void function [-Wreturn-type]
   74 | }
      | ^
14:46:00 **** Incremental Build of configuration Debug for project TP_2 ****
Info: Internal Builder is used for build
gcc -O0 -g3 -Wall -c -fmessage-length=0 -o "src\\ArrayEmployees.o" "..\\src\\ArrayEmployees.c" 
..\src\ArrayEmployees.c: In function 'addEmployee':
..\src\ArrayEmployees.c:56:7: warning: variable 'retorno' set but not used [-Wunused-but-set-variable]
   56 |   int retorno;
      |       ^~~~~~~
..\src\ArrayEmployees.c:73:12: error: 'retorno' undeclared (first use in this function)
   73 |     return retorno;
      |            ^~~~~~~
..\src\ArrayEmployees.c:73:12: note: each undeclared identifier is reported only once for each function it appears in
..\src\ArrayEmployees.c:74:1: warning: control reaches end of non-void function [-Wreturn-type]
   74 | }
      | ^
14:46:08 **** Incremental Build of configuration Debug for project TP_2 ****
Info: Internal Builder is used for build
gcc -O0 -g3 -Wall -c -fmessage-length=0 -o "src\\ArrayEmployees.o" "..\\src\\ArrayEmployees.c" 
..\src\ArrayEmployees.c: In function 'addEmployee':
..\src\ArrayEmployees.c:56:7: warning: variable 'retorno' set but not used [-Wunused-but-set-variable]
   56 |   int retorno;
      |       ^~~~~~~
..\src\ArrayEmployees.c:73:12: error: 'retorno' undeclared (first use in this function)
   73 |     return retorno;
      |            ^~~~~~~
..\src\ArrayEmployees.c:73:12: note: each undeclared identifier is reported only once for each function it appears in
..\src\ArrayEmployees.c:74:1: warning: control reaches end of non-void function [-Wreturn-type]
   74 | }
      | ^
14:47:02 **** Incremental Build of configuration Debug for project TP_2 ****
Info: Internal Builder is used for build
gcc -O0 -g3 -Wall -c -fmessage-length=0 -o "src\\ArrayEmployees.o" "..\\src\\ArrayEmployees.c" 
..\src\ArrayEmployees.c: In function 'addEmployee':
..\src\ArrayEmployees.c:56:7: warning: variable 'retorno' set but not used [-Wunused-but-set-variable]
   56 |   int retorno = -1;
      |       ^~~~~~~
..\src\ArrayEmployees.c:73:12: error: 'retorno' undeclared (first use in this function)
   73 |     return retorno;
      |            ^~~~~~~
..\src\ArrayEmployees.c:73:12: note: each undeclared identifier is reported only once for each function it appears in
..\src\ArrayEmployees.c:74:1: warning: control reaches end of non-void function [-Wreturn-type]
   74 | }
      | ^
14:47:23 **** Incremental Build of configuration Debug for project TP_2 ****
Info: Internal Builder is used for build
gcc -O0 -g3 -Wall -c -fmessage-length=0 -o "src\\TP_2.o" "..\\src\\TP_2.c" 
gcc -O0 -g3 -Wall -c -fmessage-length=0 -o "src\\ArrayEmployees.o" "..\\src\\ArrayEmployees.c" 
gcc -o TP_2.exe "src\\ArrayEmployees.o" "src\\Input.o" "src\\TP_2.o" "src\\output.o" 
c:/mingw/bin/../lib/gcc/mingw32/9.2.0/../../../../mingw32/bin/ld.exe: cannot open output file TP_2.exe: Permission denied
collect2.exe: error: ld returned 1 exit status
14:47:36 **** Incremental Build of configuration Debug for project TP_2 ****
Info: Internal Builder is used for build
gcc -O0 -g3 -Wall -c -fmessage-length=0 -o "src\\ArrayEmployees.o" "..\\src\\ArrayEmployees.c" 
gcc -o TP_2.exe "src\\ArrayEmployees.o" "src\\Input.o" "src\\TP_2.o" "src\\output.o" 
c:/mingw/bin/../lib/gcc/mingw32/9.2.0/../../../../mingw32/bin/ld.exe: cannot open output file TP_2.exe: Permission denied
collect2.exe: error: ld returned 1 exit status
14:49:26 **** Incremental Build of configuration Debug for project TP_2 ****
Info: Internal Builder is used for build
gcc -O0 -g3 -Wall -c -fmessage-length=0 -o "src\\TP_2.o" "..\\src\\TP_2.c" 
gcc -O0 -g3 -Wall -c -fmessage-length=0 -o "src\\ArrayEmployees.o" "..\\src\\ArrayEmployees.c" 
gcc -o TP_2.exe "src\\ArrayEmployees.o" "src\\Input.o" "src\\TP_2.o" "src\\output.o" 
c:/mingw/bin/../lib/gcc/mingw32/9.2.0/../../../../mingw32/bin/ld.exe: cannot open output file TP_2.exe: Permission denied
collect2.exe: error: ld returned 1 exit status
14:49:28 **** Incremental Build of configuration Debug for project TP_2 ****
Info: Internal Builder is used for build
gcc -o TP_2.exe "src\\ArrayEmployees.o" "src\\Input.o" "src\\TP_2.o" "src\\output.o" 
14:58:46 **** Incremental Build of configuration Debug for project TP_2 ****
Info: Internal Builder is used for build
gcc -O0 -g3 -Wall -c -fmessage-length=0 -o "src\\ArrayEmployees.o" "..\\src\\ArrayEmployees.c" 
gcc -O0 -g3 -Wall -c -fmessage-length=0 -o "src\\TP_2.o" "..\\src\\TP_2.c" 
gcc -o TP_2.exe "src\\ArrayEmployees.o" "src\\Input.o" "src\\TP_2.o" "src\\output.o" 
c:/mingw/bin/../lib/gcc/mingw32/9.2.0/../../../../mingw32/bin/ld.exe: cannot open output file TP_2.exe: Permission denied
collect2.exe: error: ld returned 1 exit status
14:58:48 **** Incremental Build of configuration Debug for project TP_2 ****
Info: Internal Builder is used for build
gcc -o TP_2.exe "src\\ArrayEmployees.o" "src\\Input.o" "src\\TP_2.o" "src\\output.o" 
15:01:16 **** Incremental Build of configuration Debug for project TP_2 ****
Info: Internal Builder is used for build
gcc -O0 -g3 -Wall -c -fmessage-length=0 -o "src\\TP_2.o" "..\\src\\TP_2.c" 
..\src\TP_2.c: In function 'main':
..\src\TP_2.c:25:6: warning: unused variable 'posicion' [-Wunused-variable]
   25 |  int posicion;
      |      ^~~~~~~~
gcc -o TP_2.exe "src\\ArrayEmployees.o" "src\\Input.o" "src\\TP_2.o" "src\\output.o" 
15:01:20 **** Incremental Build of configuration Debug for project TP_2 ****
Info: Internal Builder is used for build
gcc -O0 -g3 -Wall -c -fmessage-length=0 -o "src\\TP_2.o" "..\\src\\TP_2.c" 
gcc -o TP_2.exe "src\\ArrayEmployees.o" "src\\Input.o" "src\\TP_2.o" "src\\output.o" 
Info: Nothing to build for TP_2
15:02:40 **** Incremental Build of configuration Debug for project TP_2 ****
Info: Internal Builder is used for build
gcc -O0 -g3 -Wall -c -fmessage-length=0 -o "src\\TP_2.o" "..\\src\\TP_2.c" 
gcc -o TP_2.exe "src\\ArrayEmployees.o" "src\\Input.o" "src\\TP_2.o" "src\\output.o" 
Info: Nothing to build for TP_2
15:02:54 **** Incremental Build of configuration Debug for project TP_2 ****
Info: Internal Builder is used for build
gcc -O0 -g3 -Wall -c -fmessage-length=0 -o "src\\TP_2.o" "..\\src\\TP_2.c" 
gcc -o TP_2.exe "src\\ArrayEmployees.o" "src\\Input.o" "src\\TP_2.o" "src\\output.o" 
c:/mingw/bin/../lib/gcc/mingw32/9.2.0/../../../../mingw32/bin/ld.exe: cannot open output file TP_2.exe: Permission denied
collect2.exe: error: ld returned 1 exit status
15:02:54 **** Incremental Build of configuration Debug for project TP_2 ****
Info: Internal Builder is used for build
gcc -o TP_2.exe "src\\ArrayEmployees.o" "src\\Input.o" "src\\TP_2.o" "src\\output.o" 
